2023-12-21 19:34:58 [scrapy.utils.log] INFO: Scrapy 2.11.0 started (bot: entremed)
2023-12-21 19:34:58 [scrapy.utils.log] INFO: Versions: lxml 4.9.3.0, libxml2 2.10.3, cssselect 1.2.0, parsel 1.8.1, w3lib 2.1.2, Twisted 22.10.0, Python 3.10.13 (main, Dec 19 2023, 20:49:50) [GCC 12.2.0], pyOpenSSL 23.3.0 (OpenSSL 3.1.4 24 Oct 2023), cryptography 41.0.5, Platform Linux-6.4.16-linuxkit-x86_64-with-glibc2.36
2023-12-21 19:34:58 [scrapy.addons] INFO: Enabled addons:
[]
2023-12-21 19:34:58 [asyncio] DEBUG: Using selector: EpollSelector
2023-12-21 19:34:58 [scrapy.utils.log] DEBUG: Using reactor: twisted.internet.asyncioreactor.AsyncioSelectorReactor
2023-12-21 19:34:58 [scrapy.utils.log] DEBUG: Using asyncio event loop: asyncio.unix_events._UnixSelectorEventLoop
2023-12-21 19:34:58 [scrapy.extensions.telnet] INFO: Telnet Password: c71fc927618dcc7f
2023-12-21 19:34:58 [scrapy.middleware] INFO: Enabled extensions:
['scrapy.extensions.corestats.CoreStats',
 'scrapy.extensions.telnet.TelnetConsole',
 'scrapy.extensions.memusage.MemoryUsage',
 'scrapy.extensions.logstats.LogStats']
2023-12-21 19:34:58 [scrapy.crawler] INFO: Overridden settings:
{'BOT_NAME': 'entremed',
 'CONCURRENT_REQUESTS': 1,
 'DOWNLOAD_DELAY': 5,
 'FEED_EXPORT_ENCODING': 'utf-8',
 'LOG_FILE': 'logs/entremed/cltrablisting/034f202ea03811ee88430242c0a8f006.log',
 'NEWSPIDER_MODULE': 'entremed.spiders',
 'REQUEST_FINGERPRINTER_IMPLEMENTATION': '2.7',
 'ROBOTSTXT_OBEY': True,
 'SPIDER_MODULES': ['entremed.spiders'],
 'TWISTED_REACTOR': 'twisted.internet.asyncioreactor.AsyncioSelectorReactor'}
2023-12-21 19:34:58 [scrapy.middleware] INFO: Enabled downloader middlewares:
['scrapy.downloadermiddlewares.robotstxt.RobotsTxtMiddleware',
 'scrapy.downloadermiddlewares.httpauth.HttpAuthMiddleware',
 'scrapy.downloadermiddlewares.downloadtimeout.DownloadTimeoutMiddleware',
 'scrapy.downloadermiddlewares.defaultheaders.DefaultHeadersMiddleware',
 'scrapy.downloadermiddlewares.useragent.UserAgentMiddleware',
 'scrapy.downloadermiddlewares.retry.RetryMiddleware',
 'scrapy.downloadermiddlewares.redirect.MetaRefreshMiddleware',
 'scrapy.downloadermiddlewares.httpcompression.HttpCompressionMiddleware',
 'scrapy.downloadermiddlewares.redirect.RedirectMiddleware',
 'scrapy.downloadermiddlewares.cookies.CookiesMiddleware',
 'scrapy.downloadermiddlewares.httpproxy.HttpProxyMiddleware',
 'scrapy.downloadermiddlewares.stats.DownloaderStats']
2023-12-21 19:34:58 [scrapy.middleware] INFO: Enabled spider middlewares:
['scrapy.spidermiddlewares.httperror.HttpErrorMiddleware',
 'scrapy.spidermiddlewares.offsite.OffsiteMiddleware',
 'entremed.middlewares.EntremedSpiderMiddleware',
 'entremed.middlewares.SaveJobStatsMiddleware',
 'scrapy.spidermiddlewares.referer.RefererMiddleware',
 'scrapy.spidermiddlewares.urllength.UrlLengthMiddleware',
 'scrapy.spidermiddlewares.depth.DepthMiddleware']
2023-12-21 19:34:58 [scrapy.middleware] INFO: Enabled item pipelines:
['entremed.pipelines.StoreRawJobOfferPipeline']
2023-12-21 19:34:58 [scrapy.core.engine] INFO: Spider opened
2023-12-21 19:34:58 [scrapy.extensions.logstats] INFO: Crawled 0 pages (at 0 pages/min), scraped 0 items (at 0 items/min)
2023-12-21 19:34:58 [cltrablisting] INFO: Spider opened: cltrablisting
2023-12-21 19:34:58 [urllib3.connectionpool] DEBUG: Starting new HTTP connection (1): api-raw-jobs:8000
2023-12-21 19:34:58 [urllib3.connectionpool] DEBUG: http://api-raw-jobs:8000 "POST /auth/token HTTP/1.1" 200 193
2023-12-21 19:34:58 [urllib3.connectionpool] DEBUG: Starting new HTTP connection (1): api-watchdog:8000
2023-12-21 19:34:58 [urllib3.connectionpool] DEBUG: http://api-watchdog:8000 "POST /auth/token HTTP/1.1" 200 193
2023-12-21 19:34:58 [scrapy.extensions.telnet] INFO: Telnet console listening on 127.0.0.1:6023
2023-12-21 19:34:59 [scrapy.core.engine] DEBUG: Crawled (403) <GET https://www.chiletrabajos.cl/robots.txt> (referer: None)
2023-12-21 19:35:05 [scrapy.core.engine] DEBUG: Crawled (200) <GET https://www.chiletrabajos.cl/encuentra-un-empleo?2=enfermera&13=&fecha=3&categoria=&8=&14=&inclusion=&f=2> (referer: None)
2023-12-21 19:35:05 [cltrablisting] INFO: 19:35:05 Started reading site: https://www.chiletrabajos.cl/encuentra-un-empleo?2=enfermera&13=&fecha=3&categoria=&8=&14=&inclusion=&f=2
2023-12-21 19:35:05 [scrapy.core.scraper] DEBUG: Scraped from <200 https://www.chiletrabajos.cl/encuentra-un-empleo?2=enfermera&13=&fecha=3&categoria=&8=&14=&inclusion=&f=2>
None
2023-12-21 19:35:05 [scrapy.core.scraper] DEBUG: Scraped from <200 https://www.chiletrabajos.cl/encuentra-un-empleo?2=enfermera&13=&fecha=3&categoria=&8=&14=&inclusion=&f=2>
None
2023-12-21 19:35:05 [scrapy.core.scraper] DEBUG: Scraped from <200 https://www.chiletrabajos.cl/encuentra-un-empleo?2=enfermera&13=&fecha=3&categoria=&8=&14=&inclusion=&f=2>
None
2023-12-21 19:35:05 [scrapy.core.scraper] DEBUG: Scraped from <200 https://www.chiletrabajos.cl/encuentra-un-empleo?2=enfermera&13=&fecha=3&categoria=&8=&14=&inclusion=&f=2>
None
2023-12-21 19:35:05 [scrapy.core.scraper] DEBUG: Scraped from <200 https://www.chiletrabajos.cl/encuentra-un-empleo?2=enfermera&13=&fecha=3&categoria=&8=&14=&inclusion=&f=2>
None
2023-12-21 19:35:05 [scrapy.core.scraper] DEBUG: Scraped from <200 https://www.chiletrabajos.cl/encuentra-un-empleo?2=enfermera&13=&fecha=3&categoria=&8=&14=&inclusion=&f=2>
None
2023-12-21 19:35:05 [scrapy.core.scraper] DEBUG: Scraped from <200 https://www.chiletrabajos.cl/encuentra-un-empleo?2=enfermera&13=&fecha=3&categoria=&8=&14=&inclusion=&f=2>
None
2023-12-21 19:35:05 [scrapy.core.scraper] DEBUG: Scraped from <200 https://www.chiletrabajos.cl/encuentra-un-empleo?2=enfermera&13=&fecha=3&categoria=&8=&14=&inclusion=&f=2>
None
2023-12-21 19:35:05 [scrapy.core.scraper] DEBUG: Scraped from <200 https://www.chiletrabajos.cl/encuentra-un-empleo?2=enfermera&13=&fecha=3&categoria=&8=&14=&inclusion=&f=2>
None
2023-12-21 19:35:05 [scrapy.core.scraper] DEBUG: Scraped from <200 https://www.chiletrabajos.cl/encuentra-un-empleo?2=enfermera&13=&fecha=3&categoria=&8=&14=&inclusion=&f=2>
None
2023-12-21 19:35:05 [scrapy.core.scraper] DEBUG: Scraped from <200 https://www.chiletrabajos.cl/encuentra-un-empleo?2=enfermera&13=&fecha=3&categoria=&8=&14=&inclusion=&f=2>
None
2023-12-21 19:35:05 [scrapy.core.scraper] DEBUG: Scraped from <200 https://www.chiletrabajos.cl/encuentra-un-empleo?2=enfermera&13=&fecha=3&categoria=&8=&14=&inclusion=&f=2>
None
2023-12-21 19:35:05 [scrapy.core.scraper] DEBUG: Scraped from <200 https://www.chiletrabajos.cl/encuentra-un-empleo?2=enfermera&13=&fecha=3&categoria=&8=&14=&inclusion=&f=2>
None
2023-12-21 19:35:05 [scrapy.core.scraper] DEBUG: Scraped from <200 https://www.chiletrabajos.cl/encuentra-un-empleo?2=enfermera&13=&fecha=3&categoria=&8=&14=&inclusion=&f=2>
None
2023-12-21 19:35:05 [scrapy.core.scraper] DEBUG: Scraped from <200 https://www.chiletrabajos.cl/encuentra-un-empleo?2=enfermera&13=&fecha=3&categoria=&8=&14=&inclusion=&f=2>
None
2023-12-21 19:35:05 [scrapy.core.scraper] DEBUG: Scraped from <200 https://www.chiletrabajos.cl/encuentra-un-empleo?2=enfermera&13=&fecha=3&categoria=&8=&14=&inclusion=&f=2>
None
2023-12-21 19:35:05 [scrapy.core.scraper] DEBUG: Scraped from <200 https://www.chiletrabajos.cl/encuentra-un-empleo?2=enfermera&13=&fecha=3&categoria=&8=&14=&inclusion=&f=2>
None
2023-12-21 19:35:05 [scrapy.core.scraper] DEBUG: Scraped from <200 https://www.chiletrabajos.cl/encuentra-un-empleo?2=enfermera&13=&fecha=3&categoria=&8=&14=&inclusion=&f=2>
None
2023-12-21 19:35:05 [scrapy.core.scraper] DEBUG: Scraped from <200 https://www.chiletrabajos.cl/encuentra-un-empleo?2=enfermera&13=&fecha=3&categoria=&8=&14=&inclusion=&f=2>
None
2023-12-21 19:35:05 [scrapy.core.scraper] DEBUG: Scraped from <200 https://www.chiletrabajos.cl/encuentra-un-empleo?2=enfermera&13=&fecha=3&categoria=&8=&14=&inclusion=&f=2>
None
2023-12-21 19:35:05 [scrapy.core.scraper] DEBUG: Scraped from <200 https://www.chiletrabajos.cl/encuentra-un-empleo?2=enfermera&13=&fecha=3&categoria=&8=&14=&inclusion=&f=2>
None
2023-12-21 19:35:05 [scrapy.core.scraper] DEBUG: Scraped from <200 https://www.chiletrabajos.cl/encuentra-un-empleo?2=enfermera&13=&fecha=3&categoria=&8=&14=&inclusion=&f=2>
None
2023-12-21 19:35:05 [scrapy.core.scraper] DEBUG: Scraped from <200 https://www.chiletrabajos.cl/encuentra-un-empleo?2=enfermera&13=&fecha=3&categoria=&8=&14=&inclusion=&f=2>
None
2023-12-21 19:35:05 [scrapy.core.scraper] DEBUG: Scraped from <200 https://www.chiletrabajos.cl/encuentra-un-empleo?2=enfermera&13=&fecha=3&categoria=&8=&14=&inclusion=&f=2>
None
2023-12-21 19:35:05 [scrapy.core.scraper] DEBUG: Scraped from <200 https://www.chiletrabajos.cl/encuentra-un-empleo?2=enfermera&13=&fecha=3&categoria=&8=&14=&inclusion=&f=2>
None
2023-12-21 19:35:05 [scrapy.core.scraper] DEBUG: Scraped from <200 https://www.chiletrabajos.cl/encuentra-un-empleo?2=enfermera&13=&fecha=3&categoria=&8=&14=&inclusion=&f=2>
None
2023-12-21 19:35:05 [scrapy.core.scraper] DEBUG: Scraped from <200 https://www.chiletrabajos.cl/encuentra-un-empleo?2=enfermera&13=&fecha=3&categoria=&8=&14=&inclusion=&f=2>
None
2023-12-21 19:35:05 [scrapy.core.scraper] DEBUG: Scraped from <200 https://www.chiletrabajos.cl/encuentra-un-empleo?2=enfermera&13=&fecha=3&categoria=&8=&14=&inclusion=&f=2>
None
2023-12-21 19:35:05 [scrapy.core.scraper] DEBUG: Scraped from <200 https://www.chiletrabajos.cl/encuentra-un-empleo?2=enfermera&13=&fecha=3&categoria=&8=&14=&inclusion=&f=2>
None
2023-12-21 19:35:05 [scrapy.core.scraper] DEBUG: Scraped from <200 https://www.chiletrabajos.cl/encuentra-un-empleo?2=enfermera&13=&fecha=3&categoria=&8=&14=&inclusion=&f=2>
None
2023-12-21 19:35:05 [cltrablisting] INFO: 19:35:05 FInished reading site: https://www.chiletrabajos.cl/encuentra-un-empleo?2=enfermera&13=&fecha=3&categoria=&8=&14=&inclusion=&f=2
2023-12-21 19:35:05 [scrapy.core.engine] INFO: Closing spider (finished)
2023-12-21 19:35:05 [urllib3.connectionpool] DEBUG: Starting new HTTP connection (1): api-raw-jobs:8000
2023-12-21 19:35:05 [urllib3.connectionpool] DEBUG: http://api-raw-jobs:8000 "POST /jobs HTTP/1.1" 409 39
2023-12-21 19:35:05 [urllib3.connectionpool] DEBUG: Starting new HTTP connection (1): api-watchdog:8000
2023-12-21 19:35:05 [urllib3.connectionpool] DEBUG: http://api-watchdog:8000 "POST /logs/errors HTTP/1.1" 201 4
2023-12-21 19:35:05 [scrapy.statscollectors] INFO: Dumping Scrapy stats:
{'downloader/request_bytes': 776,
 'downloader/request_count': 2,
 'downloader/request_method_count/GET': 2,
 'downloader/response_bytes': 15118,
 'downloader/response_count': 2,
 'downloader/response_status_count/200': 1,
 'downloader/response_status_count/403': 1,
 'elapsed_time_seconds': 7.353151,
 'finish_reason': 'finished',
 'finish_time': datetime.datetime(2023, 12, 21, 19, 35, 5, 884558, tzinfo=datetime.timezone.utc),
 'httpcompression/response_bytes': 122484,
 'httpcompression/response_count': 1,
 'item_scraped_count': 30,
 'log_count/DEBUG': 43,
 'log_count/INFO': 13,
 'memusage/max': 66445312,
 'memusage/startup': 66445312,
 'response_received_count': 2,
 'robotstxt/request_count': 1,
 'robotstxt/response_count': 1,
 'robotstxt/response_status_count/403': 1,
 'scheduler/dequeued': 1,
 'scheduler/dequeued/memory': 1,
 'scheduler/enqueued': 1,
 'scheduler/enqueued/memory': 1,
 'start_time': datetime.datetime(2023, 12, 21, 19, 34, 58, 531407, tzinfo=datetime.timezone.utc)}
2023-12-21 19:35:05 [scrapy.core.engine] INFO: Spider closed (finished)
