2023-12-21 18:59:42 [scrapy.utils.log] INFO: Scrapy 2.11.0 started (bot: entremed)
2023-12-21 18:59:42 [scrapy.utils.log] INFO: Versions: lxml 4.9.3.0, libxml2 2.10.3, cssselect 1.2.0, parsel 1.8.1, w3lib 2.1.2, Twisted 22.10.0, Python 3.10.13 (main, Dec 19 2023, 20:49:50) [GCC 12.2.0], pyOpenSSL 23.3.0 (OpenSSL 3.1.4 24 Oct 2023), cryptography 41.0.5, Platform Linux-6.4.16-linuxkit-x86_64-with-glibc2.36
2023-12-21 18:59:42 [scrapy.addons] INFO: Enabled addons:
[]
2023-12-21 18:59:42 [asyncio] DEBUG: Using selector: EpollSelector
2023-12-21 18:59:42 [scrapy.utils.log] DEBUG: Using reactor: twisted.internet.asyncioreactor.AsyncioSelectorReactor
2023-12-21 18:59:42 [scrapy.utils.log] DEBUG: Using asyncio event loop: asyncio.unix_events._UnixSelectorEventLoop
2023-12-21 18:59:42 [scrapy.extensions.telnet] INFO: Telnet Password: f3672dcd4c34e9da
2023-12-21 18:59:42 [scrapy.middleware] INFO: Enabled extensions:
['scrapy.extensions.corestats.CoreStats',
 'scrapy.extensions.telnet.TelnetConsole',
 'scrapy.extensions.memusage.MemoryUsage',
 'scrapy.extensions.logstats.LogStats']
2023-12-21 18:59:42 [scrapy.crawler] INFO: Overridden settings:
{'BOT_NAME': 'entremed',
 'CONCURRENT_REQUESTS': 1,
 'DOWNLOAD_DELAY': 5,
 'FEED_EXPORT_ENCODING': 'utf-8',
 'LOG_FILE': 'logs/entremed/cltrablisting/1674a3c2a03311eebd880242c0a8c006.log',
 'NEWSPIDER_MODULE': 'entremed.spiders',
 'REQUEST_FINGERPRINTER_IMPLEMENTATION': '2.7',
 'ROBOTSTXT_OBEY': True,
 'SPIDER_MODULES': ['entremed.spiders'],
 'TWISTED_REACTOR': 'twisted.internet.asyncioreactor.AsyncioSelectorReactor'}
2023-12-21 18:59:42 [scrapy.middleware] INFO: Enabled downloader middlewares:
['scrapy.downloadermiddlewares.robotstxt.RobotsTxtMiddleware',
 'scrapy.downloadermiddlewares.httpauth.HttpAuthMiddleware',
 'scrapy.downloadermiddlewares.downloadtimeout.DownloadTimeoutMiddleware',
 'scrapy.downloadermiddlewares.defaultheaders.DefaultHeadersMiddleware',
 'scrapy.downloadermiddlewares.useragent.UserAgentMiddleware',
 'scrapy.downloadermiddlewares.retry.RetryMiddleware',
 'scrapy.downloadermiddlewares.redirect.MetaRefreshMiddleware',
 'scrapy.downloadermiddlewares.httpcompression.HttpCompressionMiddleware',
 'scrapy.downloadermiddlewares.redirect.RedirectMiddleware',
 'scrapy.downloadermiddlewares.cookies.CookiesMiddleware',
 'scrapy.downloadermiddlewares.httpproxy.HttpProxyMiddleware',
 'scrapy.downloadermiddlewares.stats.DownloaderStats']
2023-12-21 18:59:42 [scrapy.middleware] INFO: Enabled spider middlewares:
['scrapy.spidermiddlewares.httperror.HttpErrorMiddleware',
 'scrapy.spidermiddlewares.offsite.OffsiteMiddleware',
 'entremed.middlewares.EntremedSpiderMiddleware',
 'entremed.middlewares.SaveJobStatsMiddleware',
 'scrapy.spidermiddlewares.referer.RefererMiddleware',
 'scrapy.spidermiddlewares.urllength.UrlLengthMiddleware',
 'scrapy.spidermiddlewares.depth.DepthMiddleware']
2023-12-21 18:59:42 [scrapy.middleware] INFO: Enabled item pipelines:
['entremed.pipelines.StoreRawJobOfferPipeline']
2023-12-21 18:59:42 [scrapy.core.engine] INFO: Spider opened
2023-12-21 18:59:42 [scrapy.extensions.logstats] INFO: Crawled 0 pages (at 0 pages/min), scraped 0 items (at 0 items/min)
2023-12-21 18:59:42 [cltrablisting] INFO: Spider opened: cltrablisting
2023-12-21 18:59:42 [urllib3.connectionpool] DEBUG: Starting new HTTP connection (1): api-raw-jobs:8000
2023-12-21 18:59:42 [scrapy.utils.signal] ERROR: Error caught on signal handler: <bound method EntremedSpiderMiddleware.spider_opened of <entremed.middlewares.EntremedSpiderMiddleware object at 0x7f4328e784c0>>
Traceback (most recent call last):
  File "/usr/local/lib/python3.10/site-packages/scrapy/utils/defer.py", line 348, in maybeDeferred_coro
    result = f(*args, **kw)
  File "/usr/local/lib/python3.10/site-packages/pydispatch/robustapply.py", line 55, in robustApply
    return receiver(*arguments, **named)
  File "/app/entremed/middlewares.py", line 59, in spider_opened
    spider.raw_jobs_jwt = get_jwt('rawjobs')
  File "/app/entremed/global_functions.py", line 37, in get_jwt
    handle_error(response)
TypeError: handle_error() missing 1 required positional argument: 'spider'
2023-12-21 18:59:42 [scrapy.extensions.telnet] INFO: Telnet console listening on 127.0.0.1:6023
2023-12-21 18:59:42 [scrapy.core.engine] DEBUG: Crawled (403) <GET https://www.chiletrabajos.cl/robots.txt> (referer: None)
2023-12-21 18:59:50 [scrapy.core.engine] DEBUG: Crawled (200) <GET https://www.chiletrabajos.cl/encuentra-un-empleo?2=enfermera&13=&fecha=3&categoria=&8=&14=&inclusion=&f=2> (referer: None)
2023-12-21 18:59:50 [cltrablisting] INFO: 18:59:50 Started reading site: https://www.chiletrabajos.cl/encuentra-un-empleo?2=enfermera&13=&fecha=3&categoria=&8=&14=&inclusion=&f=2
2023-12-21 18:59:50 [scrapy.core.scraper] ERROR: Error processing {'company': 'Fundación cft san agustin..',
 'geolocalization': 'Cauquenes',
 'posting_service': 'Chiletrabajo',
 'posting_url': 'https://www.chiletrabajos.cl/trabajo/docente-modulo-introduccion-al-rol-del-tens-sede-cauquenes-3288398',
 'scanned_date': datetime.datetime(2023, 12, 21, 18, 59, 50, 266930, tzinfo=datetime.timezone.utc),
 'source_url': 'https://www.chiletrabajos.cl/encuentra-un-empleo?2=enfermera&13=&fecha=3&categoria=&8=&14=&inclusion=&f=2',
 'title': 'Docente Módulo Introducción al Rol del…'}
Traceback (most recent call last):
  File "/usr/local/lib/python3.10/site-packages/twisted/internet/defer.py", line 892, in _runCallbacks
    current.result = callback(  # type: ignore[misc]
  File "/usr/local/lib/python3.10/site-packages/scrapy/utils/defer.py", line 340, in f
    return deferred_from_coro(coro_f(*coro_args, **coro_kwargs))
  File "/app/entremed/pipelines.py", line 25, in process_item
    self.save_new_entry_locally(ItemAdapter(item), spider)
  File "/app/entremed/pipelines.py", line 16, in save_new_entry_locally
    spider.jobpostings.append(adapter)
AttributeError: 'CltrablistingSpider' object has no attribute 'jobpostings'
2023-12-21 18:59:50 [scrapy.core.scraper] ERROR: Error processing {'company': 'Fundación cft san agustin..',
 'geolocalization': 'Cauquenes',
 'posting_service': 'Chiletrabajo',
 'posting_url': 'https://www.chiletrabajos.cl/trabajo/docente-modulo-prevencion-de-iaas-sede-cauquenes-3288399',
 'scanned_date': datetime.datetime(2023, 12, 21, 18, 59, 50, 274245, tzinfo=datetime.timezone.utc),
 'source_url': 'https://www.chiletrabajos.cl/encuentra-un-empleo?2=enfermera&13=&fecha=3&categoria=&8=&14=&inclusion=&f=2',
 'title': 'Docente Módulo Prevención de IAAS, Sede…'}
Traceback (most recent call last):
  File "/usr/local/lib/python3.10/site-packages/twisted/internet/defer.py", line 892, in _runCallbacks
    current.result = callback(  # type: ignore[misc]
  File "/usr/local/lib/python3.10/site-packages/scrapy/utils/defer.py", line 340, in f
    return deferred_from_coro(coro_f(*coro_args, **coro_kwargs))
  File "/app/entremed/pipelines.py", line 25, in process_item
    self.save_new_entry_locally(ItemAdapter(item), spider)
  File "/app/entremed/pipelines.py", line 16, in save_new_entry_locally
    spider.jobpostings.append(adapter)
AttributeError: 'CltrablistingSpider' object has no attribute 'jobpostings'
2023-12-21 18:59:50 [scrapy.core.scraper] ERROR: Error processing {'company': 'Fundación cft san agustin..',
 'geolocalization': 'Cauquenes',
 'posting_service': 'Chiletrabajo',
 'posting_url': 'https://www.chiletrabajos.cl/trabajo/docente-modulo-atencion-de-enfermeria-en-el-adulto-mayor-sede-cauquenes-3288400',
 'scanned_date': datetime.datetime(2023, 12, 21, 18, 59, 50, 278850, tzinfo=datetime.timezone.utc),
 'source_url': 'https://www.chiletrabajos.cl/encuentra-un-empleo?2=enfermera&13=&fecha=3&categoria=&8=&14=&inclusion=&f=2',
 'title': 'Docente Módulo Atención de Enfermería en…'}
Traceback (most recent call last):
  File "/usr/local/lib/python3.10/site-packages/twisted/internet/defer.py", line 892, in _runCallbacks
    current.result = callback(  # type: ignore[misc]
  File "/usr/local/lib/python3.10/site-packages/scrapy/utils/defer.py", line 340, in f
    return deferred_from_coro(coro_f(*coro_args, **coro_kwargs))
  File "/app/entremed/pipelines.py", line 25, in process_item
    self.save_new_entry_locally(ItemAdapter(item), spider)
  File "/app/entremed/pipelines.py", line 16, in save_new_entry_locally
    spider.jobpostings.append(adapter)
AttributeError: 'CltrablistingSpider' object has no attribute 'jobpostings'
2023-12-21 18:59:50 [scrapy.core.scraper] ERROR: Error processing {'company': 'Fundación cft san agustin..',
 'geolocalization': 'Cauquenes',
 'posting_service': 'Chiletrabajo',
 'posting_url': 'https://www.chiletrabajos.cl/trabajo/docente-modulo-atencion-de-primeros-auxilios-sede-cauquenes-3288401',
 'scanned_date': datetime.datetime(2023, 12, 21, 18, 59, 50, 283400, tzinfo=datetime.timezone.utc),
 'source_url': 'https://www.chiletrabajos.cl/encuentra-un-empleo?2=enfermera&13=&fecha=3&categoria=&8=&14=&inclusion=&f=2',
 'title': 'Docente Módulo Atención de Primeros Auxilios,…'}
Traceback (most recent call last):
  File "/usr/local/lib/python3.10/site-packages/twisted/internet/defer.py", line 892, in _runCallbacks
    current.result = callback(  # type: ignore[misc]
  File "/usr/local/lib/python3.10/site-packages/scrapy/utils/defer.py", line 340, in f
    return deferred_from_coro(coro_f(*coro_args, **coro_kwargs))
  File "/app/entremed/pipelines.py", line 25, in process_item
    self.save_new_entry_locally(ItemAdapter(item), spider)
  File "/app/entremed/pipelines.py", line 16, in save_new_entry_locally
    spider.jobpostings.append(adapter)
AttributeError: 'CltrablistingSpider' object has no attribute 'jobpostings'
2023-12-21 18:59:50 [scrapy.core.scraper] ERROR: Error processing {'company': 'Fundación cft san agustin..',
 'geolocalization': 'Cauquenes',
 'posting_service': 'Chiletrabajo',
 'posting_url': 'https://www.chiletrabajos.cl/trabajo/docente-modulo-atencion-de-enfermeria-en-urgencias-sede-cauquenes-3288402',
 'scanned_date': datetime.datetime(2023, 12, 21, 18, 59, 50, 287646, tzinfo=datetime.timezone.utc),
 'source_url': 'https://www.chiletrabajos.cl/encuentra-un-empleo?2=enfermera&13=&fecha=3&categoria=&8=&14=&inclusion=&f=2',
 'title': 'Docente Módulo Atención de Enfermería en…'}
Traceback (most recent call last):
  File "/usr/local/lib/python3.10/site-packages/twisted/internet/defer.py", line 892, in _runCallbacks
    current.result = callback(  # type: ignore[misc]
  File "/usr/local/lib/python3.10/site-packages/scrapy/utils/defer.py", line 340, in f
    return deferred_from_coro(coro_f(*coro_args, **coro_kwargs))
  File "/app/entremed/pipelines.py", line 25, in process_item
    self.save_new_entry_locally(ItemAdapter(item), spider)
  File "/app/entremed/pipelines.py", line 16, in save_new_entry_locally
    spider.jobpostings.append(adapter)
AttributeError: 'CltrablistingSpider' object has no attribute 'jobpostings'
2023-12-21 18:59:50 [scrapy.core.scraper] ERROR: Error processing {'company': 'Clínica hospital del profesor',
 'geolocalization': 'Santiago',
 'inclusive_posting': True,
 'posting_service': 'Chiletrabajo',
 'posting_url': 'https://www.chiletrabajos.cl/trabajo/enfermera-part-time-medico-quirurgico-3288063',
 'scanned_date': datetime.datetime(2023, 12, 21, 18, 59, 50, 290695, tzinfo=datetime.timezone.utc),
 'source_url': 'https://www.chiletrabajos.cl/encuentra-un-empleo?2=enfermera&13=&fecha=3&categoria=&8=&14=&inclusion=&f=2',
 'title': 'Enfermera Part Time Médico Quirúrgico'}
Traceback (most recent call last):
  File "/usr/local/lib/python3.10/site-packages/twisted/internet/defer.py", line 892, in _runCallbacks
    current.result = callback(  # type: ignore[misc]
  File "/usr/local/lib/python3.10/site-packages/scrapy/utils/defer.py", line 340, in f
    return deferred_from_coro(coro_f(*coro_args, **coro_kwargs))
  File "/app/entremed/pipelines.py", line 25, in process_item
    self.save_new_entry_locally(ItemAdapter(item), spider)
  File "/app/entremed/pipelines.py", line 16, in save_new_entry_locally
    spider.jobpostings.append(adapter)
AttributeError: 'CltrablistingSpider' object has no attribute 'jobpostings'
2023-12-21 18:59:50 [scrapy.core.scraper] ERROR: Error processing {'company': 'Empresa confidencial',
 'geolocalization': 'Santiago',
 'inclusive_posting': True,
 'posting_service': 'Chiletrabajo',
 'posting_url': 'https://www.chiletrabajos.cl/trabajo/coordinador-del-servicio-de-salud-para-licitacion-3288199',
 'scanned_date': datetime.datetime(2023, 12, 21, 18, 59, 50, 294797, tzinfo=datetime.timezone.utc),
 'source_url': 'https://www.chiletrabajos.cl/encuentra-un-empleo?2=enfermera&13=&fecha=3&categoria=&8=&14=&inclusion=&f=2',
 'title': 'Coordinador del Servicio de Salud para…'}
Traceback (most recent call last):
  File "/usr/local/lib/python3.10/site-packages/twisted/internet/defer.py", line 892, in _runCallbacks
    current.result = callback(  # type: ignore[misc]
  File "/usr/local/lib/python3.10/site-packages/scrapy/utils/defer.py", line 340, in f
    return deferred_from_coro(coro_f(*coro_args, **coro_kwargs))
  File "/app/entremed/pipelines.py", line 25, in process_item
    self.save_new_entry_locally(ItemAdapter(item), spider)
  File "/app/entremed/pipelines.py", line 16, in save_new_entry_locally
    spider.jobpostings.append(adapter)
AttributeError: 'CltrablistingSpider' object has no attribute 'jobpostings'
2023-12-21 18:59:50 [scrapy.core.scraper] ERROR: Error processing {'company': 'Fundación cft san agustin..',
 'geolocalization': 'Curicó',
 'posting_service': 'Chiletrabajo',
 'posting_url': 'https://www.chiletrabajos.cl/trabajo/docente-modulo-introduccion-al-rol-del-tens-sede-curico-3288510',
 'scanned_date': datetime.datetime(2023, 12, 21, 18, 59, 50, 341587, tzinfo=datetime.timezone.utc),
 'source_url': 'https://www.chiletrabajos.cl/encuentra-un-empleo?2=enfermera&13=&fecha=3&categoria=&8=&14=&inclusion=&f=2',
 'title': 'Docente módulo Introducción al Rol del…'}
Traceback (most recent call last):
  File "/usr/local/lib/python3.10/site-packages/twisted/internet/defer.py", line 892, in _runCallbacks
    current.result = callback(  # type: ignore[misc]
  File "/usr/local/lib/python3.10/site-packages/scrapy/utils/defer.py", line 340, in f
    return deferred_from_coro(coro_f(*coro_args, **coro_kwargs))
  File "/app/entremed/pipelines.py", line 25, in process_item
    self.save_new_entry_locally(ItemAdapter(item), spider)
  File "/app/entremed/pipelines.py", line 16, in save_new_entry_locally
    spider.jobpostings.append(adapter)
AttributeError: 'CltrablistingSpider' object has no attribute 'jobpostings'
2023-12-21 18:59:50 [scrapy.core.scraper] ERROR: Error processing {'company': 'Fundación cft san agustin..',
 'geolocalization': 'Linares',
 'posting_service': 'Chiletrabajo',
 'posting_url': 'https://www.chiletrabajos.cl/trabajo/docente-prevencion-de-iaas-sede-linares-3288462',
 'scanned_date': datetime.datetime(2023, 12, 21, 18, 59, 50, 352233, tzinfo=datetime.timezone.utc),
 'source_url': 'https://www.chiletrabajos.cl/encuentra-un-empleo?2=enfermera&13=&fecha=3&categoria=&8=&14=&inclusion=&f=2',
 'title': 'Docente Prevención de IAAS, Sede Linares'}
Traceback (most recent call last):
  File "/usr/local/lib/python3.10/site-packages/twisted/internet/defer.py", line 892, in _runCallbacks
    current.result = callback(  # type: ignore[misc]
  File "/usr/local/lib/python3.10/site-packages/scrapy/utils/defer.py", line 340, in f
    return deferred_from_coro(coro_f(*coro_args, **coro_kwargs))
  File "/app/entremed/pipelines.py", line 25, in process_item
    self.save_new_entry_locally(ItemAdapter(item), spider)
  File "/app/entremed/pipelines.py", line 16, in save_new_entry_locally
    spider.jobpostings.append(adapter)
AttributeError: 'CltrablistingSpider' object has no attribute 'jobpostings'
2023-12-21 18:59:50 [scrapy.core.scraper] ERROR: Error processing {'company': 'Fundación cft san agustin..',
 'geolocalization': 'Curicó',
 'posting_service': 'Chiletrabajo',
 'posting_url': 'https://www.chiletrabajos.cl/trabajo/docente-atencion-de-enfermeria-en-salud-familiar-y-comunitaria-sede-curico-3288511',
 'scanned_date': datetime.datetime(2023, 12, 21, 18, 59, 50, 362073, tzinfo=datetime.timezone.utc),
 'source_url': 'https://www.chiletrabajos.cl/encuentra-un-empleo?2=enfermera&13=&fecha=3&categoria=&8=&14=&inclusion=&f=2',
 'title': 'Docente Atención de Enfermería en salud…'}
Traceback (most recent call last):
  File "/usr/local/lib/python3.10/site-packages/twisted/internet/defer.py", line 892, in _runCallbacks
    current.result = callback(  # type: ignore[misc]
  File "/usr/local/lib/python3.10/site-packages/scrapy/utils/defer.py", line 340, in f
    return deferred_from_coro(coro_f(*coro_args, **coro_kwargs))
  File "/app/entremed/pipelines.py", line 25, in process_item
    self.save_new_entry_locally(ItemAdapter(item), spider)
  File "/app/entremed/pipelines.py", line 16, in save_new_entry_locally
    spider.jobpostings.append(adapter)
AttributeError: 'CltrablistingSpider' object has no attribute 'jobpostings'
2023-12-21 18:59:50 [scrapy.core.scraper] ERROR: Error processing {'company': 'Fundación cft san agustin..',
 'geolocalization': 'Linares',
 'posting_service': 'Chiletrabajo',
 'posting_url': 'https://www.chiletrabajos.cl/trabajo/docente-practica-clinica-ii-sede-linares-3288463',
 'scanned_date': datetime.datetime(2023, 12, 21, 18, 59, 50, 366994, tzinfo=datetime.timezone.utc),
 'source_url': 'https://www.chiletrabajos.cl/encuentra-un-empleo?2=enfermera&13=&fecha=3&categoria=&8=&14=&inclusion=&f=2',
 'title': 'Docente Práctica Clínica II, Sede Linares'}
Traceback (most recent call last):
  File "/usr/local/lib/python3.10/site-packages/twisted/internet/defer.py", line 892, in _runCallbacks
    current.result = callback(  # type: ignore[misc]
  File "/usr/local/lib/python3.10/site-packages/scrapy/utils/defer.py", line 340, in f
    return deferred_from_coro(coro_f(*coro_args, **coro_kwargs))
  File "/app/entremed/pipelines.py", line 25, in process_item
    self.save_new_entry_locally(ItemAdapter(item), spider)
  File "/app/entremed/pipelines.py", line 16, in save_new_entry_locally
    spider.jobpostings.append(adapter)
AttributeError: 'CltrablistingSpider' object has no attribute 'jobpostings'
2023-12-21 18:59:50 [scrapy.core.scraper] ERROR: Error processing {'company': 'Fundación cft san agustin..',
 'geolocalization': 'Curicó',
 'posting_service': 'Chiletrabajo',
 'posting_url': 'https://www.chiletrabajos.cl/trabajo/docente-modulo-asepsia-y-bioseguridad-sede-curico-3288515',
 'scanned_date': datetime.datetime(2023, 12, 21, 18, 59, 50, 371896, tzinfo=datetime.timezone.utc),
 'source_url': 'https://www.chiletrabajos.cl/encuentra-un-empleo?2=enfermera&13=&fecha=3&categoria=&8=&14=&inclusion=&f=2',
 'title': 'Docente módulo Asepsia y Bioseguridad, sede…'}
Traceback (most recent call last):
  File "/usr/local/lib/python3.10/site-packages/twisted/internet/defer.py", line 892, in _runCallbacks
    current.result = callback(  # type: ignore[misc]
  File "/usr/local/lib/python3.10/site-packages/scrapy/utils/defer.py", line 340, in f
    return deferred_from_coro(coro_f(*coro_args, **coro_kwargs))
  File "/app/entremed/pipelines.py", line 25, in process_item
    self.save_new_entry_locally(ItemAdapter(item), spider)
  File "/app/entremed/pipelines.py", line 16, in save_new_entry_locally
    spider.jobpostings.append(adapter)
AttributeError: 'CltrablistingSpider' object has no attribute 'jobpostings'
2023-12-21 18:59:50 [scrapy.core.scraper] ERROR: Error processing {'company': 'Fundación cft san agustin..',
 'geolocalization': 'Talca',
 'posting_service': 'Chiletrabajo',
 'posting_url': 'https://www.chiletrabajos.cl/trabajo/docente-atencion-de-enfermeria-medico-quirurgico-ii-sede-talca-3288527',
 'scanned_date': datetime.datetime(2023, 12, 21, 18, 59, 50, 376069, tzinfo=datetime.timezone.utc),
 'source_url': 'https://www.chiletrabajos.cl/encuentra-un-empleo?2=enfermera&13=&fecha=3&categoria=&8=&14=&inclusion=&f=2',
 'title': 'Docente Atención de Enfermería Médico Quirúrgico…'}
Traceback (most recent call last):
  File "/usr/local/lib/python3.10/site-packages/twisted/internet/defer.py", line 892, in _runCallbacks
    current.result = callback(  # type: ignore[misc]
  File "/usr/local/lib/python3.10/site-packages/scrapy/utils/defer.py", line 340, in f
    return deferred_from_coro(coro_f(*coro_args, **coro_kwargs))
  File "/app/entremed/pipelines.py", line 25, in process_item
    self.save_new_entry_locally(ItemAdapter(item), spider)
  File "/app/entremed/pipelines.py", line 16, in save_new_entry_locally
    spider.jobpostings.append(adapter)
AttributeError: 'CltrablistingSpider' object has no attribute 'jobpostings'
2023-12-21 18:59:50 [scrapy.core.scraper] ERROR: Error processing {'company': 'ClÍnica dávila recoleta',
 'geolocalization': 'Santiago',
 'inclusive_posting': True,
 'posting_service': 'Chiletrabajo',
 'posting_url': 'https://www.chiletrabajos.cl/trabajo/davila-recoleta-enfermeras-oncologia-honorarios-3288271',
 'scanned_date': datetime.datetime(2023, 12, 21, 18, 59, 50, 381155, tzinfo=datetime.timezone.utc),
 'source_url': 'https://www.chiletrabajos.cl/encuentra-un-empleo?2=enfermera&13=&fecha=3&categoria=&8=&14=&inclusion=&f=2',
 'title': 'Dávila Recoleta_ENFERMERAS ONCOLOGIA_ HONORARIOS'}
Traceback (most recent call last):
  File "/usr/local/lib/python3.10/site-packages/twisted/internet/defer.py", line 892, in _runCallbacks
    current.result = callback(  # type: ignore[misc]
  File "/usr/local/lib/python3.10/site-packages/scrapy/utils/defer.py", line 340, in f
    return deferred_from_coro(coro_f(*coro_args, **coro_kwargs))
  File "/app/entremed/pipelines.py", line 25, in process_item
    self.save_new_entry_locally(ItemAdapter(item), spider)
  File "/app/entremed/pipelines.py", line 16, in save_new_entry_locally
    spider.jobpostings.append(adapter)
AttributeError: 'CltrablistingSpider' object has no attribute 'jobpostings'
2023-12-21 18:59:50 [scrapy.core.scraper] ERROR: Error processing {'company': 'ClÍnica dávila recoleta',
 'geolocalization': 'Santiago',
 'inclusive_posting': True,
 'posting_service': 'Chiletrabajo',
 'posting_url': 'https://www.chiletrabajos.cl/trabajo/davila-recoleta-enfermeras-cardiologia-honorarios-3288260',
 'scanned_date': datetime.datetime(2023, 12, 21, 18, 59, 50, 386892, tzinfo=datetime.timezone.utc),
 'source_url': 'https://www.chiletrabajos.cl/encuentra-un-empleo?2=enfermera&13=&fecha=3&categoria=&8=&14=&inclusion=&f=2',
 'title': 'Dávila Recoleta_ENFERMERAS CARDIOLOGIA_ HONORARIOS'}
Traceback (most recent call last):
  File "/usr/local/lib/python3.10/site-packages/twisted/internet/defer.py", line 892, in _runCallbacks
    current.result = callback(  # type: ignore[misc]
  File "/usr/local/lib/python3.10/site-packages/scrapy/utils/defer.py", line 340, in f
    return deferred_from_coro(coro_f(*coro_args, **coro_kwargs))
  File "/app/entremed/pipelines.py", line 25, in process_item
    self.save_new_entry_locally(ItemAdapter(item), spider)
  File "/app/entremed/pipelines.py", line 16, in save_new_entry_locally
    spider.jobpostings.append(adapter)
AttributeError: 'CltrablistingSpider' object has no attribute 'jobpostings'
2023-12-21 18:59:50 [scrapy.core.scraper] ERROR: Error processing {'company': 'Hospital militar',
 'geolocalization': 'Santiago',
 'inclusive_posting': True,
 'posting_service': 'Chiletrabajo',
 'posting_url': 'https://www.chiletrabajos.cl/trabajo/auxiliar-de-enfermeria-medicina-nuclear-3259126',
 'scanned_date': datetime.datetime(2023, 12, 21, 18, 59, 50, 390974, tzinfo=datetime.timezone.utc),
 'source_url': 'https://www.chiletrabajos.cl/encuentra-un-empleo?2=enfermera&13=&fecha=3&categoria=&8=&14=&inclusion=&f=2',
 'title': 'AUXILIAR DE ENFERMERÍA MEDICINA NUCLEAR'}
Traceback (most recent call last):
  File "/usr/local/lib/python3.10/site-packages/twisted/internet/defer.py", line 892, in _runCallbacks
    current.result = callback(  # type: ignore[misc]
  File "/usr/local/lib/python3.10/site-packages/scrapy/utils/defer.py", line 340, in f
    return deferred_from_coro(coro_f(*coro_args, **coro_kwargs))
  File "/app/entremed/pipelines.py", line 25, in process_item
    self.save_new_entry_locally(ItemAdapter(item), spider)
  File "/app/entremed/pipelines.py", line 16, in save_new_entry_locally
    spider.jobpostings.append(adapter)
AttributeError: 'CltrablistingSpider' object has no attribute 'jobpostings'
2023-12-21 18:59:50 [scrapy.core.scraper] ERROR: Error processing {'company': 'Fundación cft san agustin..',
 'geolocalization': 'Linares',
 'posting_service': 'Chiletrabajo',
 'posting_url': 'https://www.chiletrabajos.cl/trabajo/docente-insumos-en-salud-sede-linares-3288464',
 'scanned_date': datetime.datetime(2023, 12, 21, 18, 59, 50, 394911, tzinfo=datetime.timezone.utc),
 'source_url': 'https://www.chiletrabajos.cl/encuentra-un-empleo?2=enfermera&13=&fecha=3&categoria=&8=&14=&inclusion=&f=2',
 'title': 'Docente Insumos en Salud, Sede Linares'}
Traceback (most recent call last):
  File "/usr/local/lib/python3.10/site-packages/twisted/internet/defer.py", line 892, in _runCallbacks
    current.result = callback(  # type: ignore[misc]
  File "/usr/local/lib/python3.10/site-packages/scrapy/utils/defer.py", line 340, in f
    return deferred_from_coro(coro_f(*coro_args, **coro_kwargs))
  File "/app/entremed/pipelines.py", line 25, in process_item
    self.save_new_entry_locally(ItemAdapter(item), spider)
  File "/app/entremed/pipelines.py", line 16, in save_new_entry_locally
    spider.jobpostings.append(adapter)
AttributeError: 'CltrablistingSpider' object has no attribute 'jobpostings'
2023-12-21 18:59:50 [scrapy.core.scraper] ERROR: Error processing {'company': 'Fundación cft san agustin..',
 'geolocalization': 'Linares',
 'posting_service': 'Chiletrabajo',
 'posting_url': 'https://www.chiletrabajos.cl/trabajo/docente-atencion-de-enfermeria-medico-quirurgico-ii-sede-linares-3288465',
 'scanned_date': datetime.datetime(2023, 12, 21, 18, 59, 50, 400218, tzinfo=datetime.timezone.utc),
 'source_url': 'https://www.chiletrabajos.cl/encuentra-un-empleo?2=enfermera&13=&fecha=3&categoria=&8=&14=&inclusion=&f=2',
 'title': 'Docente Atención de Enfermería Médico Quirúrgico…'}
Traceback (most recent call last):
  File "/usr/local/lib/python3.10/site-packages/twisted/internet/defer.py", line 892, in _runCallbacks
    current.result = callback(  # type: ignore[misc]
  File "/usr/local/lib/python3.10/site-packages/scrapy/utils/defer.py", line 340, in f
    return deferred_from_coro(coro_f(*coro_args, **coro_kwargs))
  File "/app/entremed/pipelines.py", line 25, in process_item
    self.save_new_entry_locally(ItemAdapter(item), spider)
  File "/app/entremed/pipelines.py", line 16, in save_new_entry_locally
    spider.jobpostings.append(adapter)
AttributeError: 'CltrablistingSpider' object has no attribute 'jobpostings'
2023-12-21 18:59:50 [scrapy.core.scraper] ERROR: Error processing {'company': 'Sercomed',
 'geolocalization': 'Santiago',
 'posting_service': 'Chiletrabajo',
 'posting_url': 'https://www.chiletrabajos.cl/trabajo/asesor-en-prevencion-de-riesgos-presencial-45-hrs-sercomed-3288126',
 'scanned_date': datetime.datetime(2023, 12, 21, 18, 59, 50, 405130, tzinfo=datetime.timezone.utc),
 'source_url': 'https://www.chiletrabajos.cl/encuentra-un-empleo?2=enfermera&13=&fecha=3&categoria=&8=&14=&inclusion=&f=2',
 'title': 'Asesor en prevención de riesgos presencial…'}
Traceback (most recent call last):
  File "/usr/local/lib/python3.10/site-packages/twisted/internet/defer.py", line 892, in _runCallbacks
    current.result = callback(  # type: ignore[misc]
  File "/usr/local/lib/python3.10/site-packages/scrapy/utils/defer.py", line 340, in f
    return deferred_from_coro(coro_f(*coro_args, **coro_kwargs))
  File "/app/entremed/pipelines.py", line 25, in process_item
    self.save_new_entry_locally(ItemAdapter(item), spider)
  File "/app/entremed/pipelines.py", line 16, in save_new_entry_locally
    spider.jobpostings.append(adapter)
AttributeError: 'CltrablistingSpider' object has no attribute 'jobpostings'
2023-12-21 18:59:50 [scrapy.core.scraper] ERROR: Error processing {'company': 'Hospital de santiago',
 'geolocalization': 'Santiago',
 'posting_service': 'Chiletrabajo',
 'posting_url': 'https://www.chiletrabajos.cl/trabajo/enfermero-a-para-servicio-de-quemados-2863440',
 'scanned_date': datetime.datetime(2023, 12, 21, 18, 59, 50, 410129, tzinfo=datetime.timezone.utc),
 'source_url': 'https://www.chiletrabajos.cl/encuentra-un-empleo?2=enfermera&13=&fecha=3&categoria=&8=&14=&inclusion=&f=2',
 'title': 'Enfermero/a para Servicio de Quemados'}
Traceback (most recent call last):
  File "/usr/local/lib/python3.10/site-packages/twisted/internet/defer.py", line 892, in _runCallbacks
    current.result = callback(  # type: ignore[misc]
  File "/usr/local/lib/python3.10/site-packages/scrapy/utils/defer.py", line 340, in f
    return deferred_from_coro(coro_f(*coro_args, **coro_kwargs))
  File "/app/entremed/pipelines.py", line 25, in process_item
    self.save_new_entry_locally(ItemAdapter(item), spider)
  File "/app/entremed/pipelines.py", line 16, in save_new_entry_locally
    spider.jobpostings.append(adapter)
AttributeError: 'CltrablistingSpider' object has no attribute 'jobpostings'
2023-12-21 18:59:50 [scrapy.core.scraper] ERROR: Error processing {'company': 'Centro de dialisis región..',
 'geolocalization': 'Santiago',
 'inclusive_posting': True,
 'posting_service': 'Chiletrabajo',
 'posting_url': 'https://www.chiletrabajos.cl/trabajo/enfermero-a-coordinador-a-3287559',
 'scanned_date': datetime.datetime(2023, 12, 21, 18, 59, 50, 415154, tzinfo=datetime.timezone.utc),
 'source_url': 'https://www.chiletrabajos.cl/encuentra-un-empleo?2=enfermera&13=&fecha=3&categoria=&8=&14=&inclusion=&f=2',
 'title': 'Enfermero(a) Coordinador (a)'}
Traceback (most recent call last):
  File "/usr/local/lib/python3.10/site-packages/twisted/internet/defer.py", line 892, in _runCallbacks
    current.result = callback(  # type: ignore[misc]
  File "/usr/local/lib/python3.10/site-packages/scrapy/utils/defer.py", line 340, in f
    return deferred_from_coro(coro_f(*coro_args, **coro_kwargs))
  File "/app/entremed/pipelines.py", line 25, in process_item
    self.save_new_entry_locally(ItemAdapter(item), spider)
  File "/app/entremed/pipelines.py", line 16, in save_new_entry_locally
    spider.jobpostings.append(adapter)
AttributeError: 'CltrablistingSpider' object has no attribute 'jobpostings'
2023-12-21 18:59:50 [scrapy.core.scraper] ERROR: Error processing {'company': 'Empresa confidencial',
 'geolocalization': 'Santiago',
 'inclusive_posting': True,
 'posting_service': 'Chiletrabajo',
 'posting_url': 'https://www.chiletrabajos.cl/trabajo/supervisor-del-servicio-de-salud-licitacion-3287296',
 'scanned_date': datetime.datetime(2023, 12, 21, 18, 59, 50, 421570, tzinfo=datetime.timezone.utc),
 'source_url': 'https://www.chiletrabajos.cl/encuentra-un-empleo?2=enfermera&13=&fecha=3&categoria=&8=&14=&inclusion=&f=2',
 'title': 'Supervisor del Servicio de Salud Licitación'}
Traceback (most recent call last):
  File "/usr/local/lib/python3.10/site-packages/twisted/internet/defer.py", line 892, in _runCallbacks
    current.result = callback(  # type: ignore[misc]
  File "/usr/local/lib/python3.10/site-packages/scrapy/utils/defer.py", line 340, in f
    return deferred_from_coro(coro_f(*coro_args, **coro_kwargs))
  File "/app/entremed/pipelines.py", line 25, in process_item
    self.save_new_entry_locally(ItemAdapter(item), spider)
  File "/app/entremed/pipelines.py", line 16, in save_new_entry_locally
    spider.jobpostings.append(adapter)
AttributeError: 'CltrablistingSpider' object has no attribute 'jobpostings'
2023-12-21 18:59:50 [scrapy.core.scraper] ERROR: Error processing {'company': 'Xinerlink',
 'geolocalization': 'Los Ángeles',
 'posting_service': 'Chiletrabajo',
 'posting_url': 'https://www.chiletrabajos.cl/trabajo/tens-nivel-superior-con-o-sin-experiencia-los-angeles-3287234',
 'scanned_date': datetime.datetime(2023, 12, 21, 18, 59, 50, 426654, tzinfo=datetime.timezone.utc),
 'source_url': 'https://www.chiletrabajos.cl/encuentra-un-empleo?2=enfermera&13=&fecha=3&categoria=&8=&14=&inclusion=&f=2',
 'title': 'TENS Nivel Superior con o sin…'}
Traceback (most recent call last):
  File "/usr/local/lib/python3.10/site-packages/twisted/internet/defer.py", line 892, in _runCallbacks
    current.result = callback(  # type: ignore[misc]
  File "/usr/local/lib/python3.10/site-packages/scrapy/utils/defer.py", line 340, in f
    return deferred_from_coro(coro_f(*coro_args, **coro_kwargs))
  File "/app/entremed/pipelines.py", line 25, in process_item
    self.save_new_entry_locally(ItemAdapter(item), spider)
  File "/app/entremed/pipelines.py", line 16, in save_new_entry_locally
    spider.jobpostings.append(adapter)
AttributeError: 'CltrablistingSpider' object has no attribute 'jobpostings'
2023-12-21 18:59:50 [scrapy.core.scraper] ERROR: Error processing {'company': 'Xinerlink',
 'geolocalization': 'Calama',
 'posting_service': 'Chiletrabajo',
 'posting_url': 'https://www.chiletrabajos.cl/trabajo/tens-nivel-superior-con-o-sin-experiencia-calama-cuarto-turno-3287204',
 'scanned_date': datetime.datetime(2023, 12, 21, 18, 59, 50, 432253, tzinfo=datetime.timezone.utc),
 'source_url': 'https://www.chiletrabajos.cl/encuentra-un-empleo?2=enfermera&13=&fecha=3&categoria=&8=&14=&inclusion=&f=2',
 'title': 'TENS Nivel Superior con o sin…'}
Traceback (most recent call last):
  File "/usr/local/lib/python3.10/site-packages/twisted/internet/defer.py", line 892, in _runCallbacks
    current.result = callback(  # type: ignore[misc]
  File "/usr/local/lib/python3.10/site-packages/scrapy/utils/defer.py", line 340, in f
    return deferred_from_coro(coro_f(*coro_args, **coro_kwargs))
  File "/app/entremed/pipelines.py", line 25, in process_item
    self.save_new_entry_locally(ItemAdapter(item), spider)
  File "/app/entremed/pipelines.py", line 16, in save_new_entry_locally
    spider.jobpostings.append(adapter)
AttributeError: 'CltrablistingSpider' object has no attribute 'jobpostings'
2023-12-21 18:59:50 [scrapy.core.scraper] ERROR: Error processing {'company': 'Xinerlink',
 'geolocalization': 'Santiago',
 'inclusive_posting': True,
 'posting_service': 'Chiletrabajo',
 'posting_url': 'https://www.chiletrabajos.cl/trabajo/se-requiere-enfermero-a-con-experiencia-en-pabellon-reemplazo-en-vitacura-3287345',
 'scanned_date': datetime.datetime(2023, 12, 21, 18, 59, 50, 455758, tzinfo=datetime.timezone.utc),
 'source_url': 'https://www.chiletrabajos.cl/encuentra-un-empleo?2=enfermera&13=&fecha=3&categoria=&8=&14=&inclusion=&f=2',
 'title': 'Se requiere Enfermero/a con experiencia en…'}
Traceback (most recent call last):
  File "/usr/local/lib/python3.10/site-packages/twisted/internet/defer.py", line 892, in _runCallbacks
    current.result = callback(  # type: ignore[misc]
  File "/usr/local/lib/python3.10/site-packages/scrapy/utils/defer.py", line 340, in f
    return deferred_from_coro(coro_f(*coro_args, **coro_kwargs))
  File "/app/entremed/pipelines.py", line 25, in process_item
    self.save_new_entry_locally(ItemAdapter(item), spider)
  File "/app/entremed/pipelines.py", line 16, in save_new_entry_locally
    spider.jobpostings.append(adapter)
AttributeError: 'CltrablistingSpider' object has no attribute 'jobpostings'
2023-12-21 18:59:50 [scrapy.core.scraper] ERROR: Error processing {'company': 'Empresa area de la..',
 'geolocalization': 'Iquique',
 'inclusive_posting': True,
 'posting_service': 'Chiletrabajo',
 'posting_url': 'https://www.chiletrabajos.cl/trabajo/enfermera-part-time-ciudad-iquique-3287897',
 'scanned_date': datetime.datetime(2023, 12, 21, 18, 59, 50, 460929, tzinfo=datetime.timezone.utc),
 'source_url': 'https://www.chiletrabajos.cl/encuentra-un-empleo?2=enfermera&13=&fecha=3&categoria=&8=&14=&inclusion=&f=2',
 'title': 'Enfermera Part time - Ciudad Iquique'}
Traceback (most recent call last):
  File "/usr/local/lib/python3.10/site-packages/twisted/internet/defer.py", line 892, in _runCallbacks
    current.result = callback(  # type: ignore[misc]
  File "/usr/local/lib/python3.10/site-packages/scrapy/utils/defer.py", line 340, in f
    return deferred_from_coro(coro_f(*coro_args, **coro_kwargs))
  File "/app/entremed/pipelines.py", line 25, in process_item
    self.save_new_entry_locally(ItemAdapter(item), spider)
  File "/app/entremed/pipelines.py", line 16, in save_new_entry_locally
    spider.jobpostings.append(adapter)
AttributeError: 'CltrablistingSpider' object has no attribute 'jobpostings'
2023-12-21 18:59:50 [scrapy.core.scraper] ERROR: Error processing {'company': 'Grupo cetep',
 'geolocalization': 'Valparaíso',
 'inclusive_posting': True,
 'posting_service': 'Chiletrabajo',
 'posting_url': 'https://www.chiletrabajos.cl/trabajo/remplazo-enfermera-diurna-vacaciones-3287979',
 'scanned_date': datetime.datetime(2023, 12, 21, 18, 59, 50, 466251, tzinfo=datetime.timezone.utc),
 'source_url': 'https://www.chiletrabajos.cl/encuentra-un-empleo?2=enfermera&13=&fecha=3&categoria=&8=&14=&inclusion=&f=2',
 'title': 'Remplazo Enfermera diurna Vacaciones'}
Traceback (most recent call last):
  File "/usr/local/lib/python3.10/site-packages/twisted/internet/defer.py", line 892, in _runCallbacks
    current.result = callback(  # type: ignore[misc]
  File "/usr/local/lib/python3.10/site-packages/scrapy/utils/defer.py", line 340, in f
    return deferred_from_coro(coro_f(*coro_args, **coro_kwargs))
  File "/app/entremed/pipelines.py", line 25, in process_item
    self.save_new_entry_locally(ItemAdapter(item), spider)
  File "/app/entremed/pipelines.py", line 16, in save_new_entry_locally
    spider.jobpostings.append(adapter)
AttributeError: 'CltrablistingSpider' object has no attribute 'jobpostings'
2023-12-21 18:59:50 [scrapy.core.scraper] ERROR: Error processing {'company': 'Clinica hospital del profesor',
 'geolocalization': 'Santiago',
 'inclusive_posting': True,
 'posting_service': 'Chiletrabajo',
 'posting_url': 'https://www.chiletrabajos.cl/trabajo/enfermera-o-coordinador-a-servicio-medico-quirurgico-3288058',
 'scanned_date': datetime.datetime(2023, 12, 21, 18, 59, 50, 471330, tzinfo=datetime.timezone.utc),
 'source_url': 'https://www.chiletrabajos.cl/encuentra-un-empleo?2=enfermera&13=&fecha=3&categoria=&8=&14=&inclusion=&f=2',
 'title': 'Enfermera/o Coordinador/a Servicio Medico Quirúrgico'}
Traceback (most recent call last):
  File "/usr/local/lib/python3.10/site-packages/twisted/internet/defer.py", line 892, in _runCallbacks
    current.result = callback(  # type: ignore[misc]
  File "/usr/local/lib/python3.10/site-packages/scrapy/utils/defer.py", line 340, in f
    return deferred_from_coro(coro_f(*coro_args, **coro_kwargs))
  File "/app/entremed/pipelines.py", line 25, in process_item
    self.save_new_entry_locally(ItemAdapter(item), spider)
  File "/app/entremed/pipelines.py", line 16, in save_new_entry_locally
    spider.jobpostings.append(adapter)
AttributeError: 'CltrablistingSpider' object has no attribute 'jobpostings'
2023-12-21 18:59:50 [scrapy.core.scraper] ERROR: Error processing {'company': 'Sercomed',
 'geolocalization': 'Santiago',
 'inclusive_posting': True,
 'posting_service': 'Chiletrabajo',
 'posting_url': 'https://www.chiletrabajos.cl/trabajo/ejecutivos-de-call-center-45-hrs-agendamiento-medico-rs-3287415',
 'scanned_date': datetime.datetime(2023, 12, 21, 18, 59, 50, 475868, tzinfo=datetime.timezone.utc),
 'source_url': 'https://www.chiletrabajos.cl/encuentra-un-empleo?2=enfermera&13=&fecha=3&categoria=&8=&14=&inclusion=&f=2',
 'title': 'EJECUTIVOS DE CALL CENTER 45 HRS…'}
Traceback (most recent call last):
  File "/usr/local/lib/python3.10/site-packages/twisted/internet/defer.py", line 892, in _runCallbacks
    current.result = callback(  # type: ignore[misc]
  File "/usr/local/lib/python3.10/site-packages/scrapy/utils/defer.py", line 340, in f
    return deferred_from_coro(coro_f(*coro_args, **coro_kwargs))
  File "/app/entremed/pipelines.py", line 25, in process_item
    self.save_new_entry_locally(ItemAdapter(item), spider)
  File "/app/entremed/pipelines.py", line 16, in save_new_entry_locally
    spider.jobpostings.append(adapter)
AttributeError: 'CltrablistingSpider' object has no attribute 'jobpostings'
2023-12-21 18:59:50 [scrapy.core.scraper] ERROR: Error processing {'company': 'Sercomed',
 'geolocalization': 'Santiago',
 'posting_service': 'Chiletrabajo',
 'posting_url': 'https://www.chiletrabajos.cl/trabajo/asesor-en-prevencion-de-riesgos-presencial-45-hrs-sercomed-3287276',
 'scanned_date': datetime.datetime(2023, 12, 21, 18, 59, 50, 480611, tzinfo=datetime.timezone.utc),
 'source_url': 'https://www.chiletrabajos.cl/encuentra-un-empleo?2=enfermera&13=&fecha=3&categoria=&8=&14=&inclusion=&f=2',
 'title': 'Asesor en prevención de riesgos presencial…'}
Traceback (most recent call last):
  File "/usr/local/lib/python3.10/site-packages/twisted/internet/defer.py", line 892, in _runCallbacks
    current.result = callback(  # type: ignore[misc]
  File "/usr/local/lib/python3.10/site-packages/scrapy/utils/defer.py", line 340, in f
    return deferred_from_coro(coro_f(*coro_args, **coro_kwargs))
  File "/app/entremed/pipelines.py", line 25, in process_item
    self.save_new_entry_locally(ItemAdapter(item), spider)
  File "/app/entremed/pipelines.py", line 16, in save_new_entry_locally
    spider.jobpostings.append(adapter)
AttributeError: 'CltrablistingSpider' object has no attribute 'jobpostings'
2023-12-21 18:59:50 [cltrablisting] INFO: 18:59:50 FInished reading site: https://www.chiletrabajos.cl/encuentra-un-empleo?2=enfermera&13=&fecha=3&categoria=&8=&14=&inclusion=&f=2
2023-12-21 18:59:50 [scrapy.core.engine] INFO: Closing spider (finished)
2023-12-21 18:59:50 [scrapy.utils.signal] ERROR: Error caught on signal handler: <bound method SaveJobStatsMiddleware.spider_closed of <entremed.middlewares.SaveJobStatsMiddleware object at 0x7f4328e787c0>>
Traceback (most recent call last):
  File "/usr/local/lib/python3.10/site-packages/scrapy/utils/defer.py", line 348, in maybeDeferred_coro
    result = f(*args, **kw)
  File "/usr/local/lib/python3.10/site-packages/pydispatch/robustapply.py", line 55, in robustApply
    return receiver(*arguments, **named)
  File "/app/entremed/middlewares.py", line 125, in spider_closed
    if save_job_postings(spider):
  File "/app/entremed/global_functions.py", line 44, in save_job_postings
    headers = {'Authorization': f'Bearer {spider.raw_jobs_jwt}'}
AttributeError: 'CltrablistingSpider' object has no attribute 'raw_jobs_jwt'
2023-12-21 18:59:50 [scrapy.statscollectors] INFO: Dumping Scrapy stats:
{'downloader/request_bytes': 776,
 'downloader/request_count': 2,
 'downloader/request_method_count/GET': 2,
 'downloader/response_bytes': 15118,
 'downloader/response_count': 2,
 'downloader/response_status_count/200': 1,
 'downloader/response_status_count/403': 1,
 'elapsed_time_seconds': 7.951565,
 'finish_reason': 'finished',
 'finish_time': datetime.datetime(2023, 12, 21, 18, 59, 50, 489232, tzinfo=datetime.timezone.utc),
 'httpcompression/response_bytes': 122484,
 'httpcompression/response_count': 1,
 'log_count/DEBUG': 6,
 'log_count/ERROR': 32,
 'log_count/INFO': 13,
 'memusage/max': 66572288,
 'memusage/startup': 66572288,
 'response_received_count': 2,
 'robotstxt/request_count': 1,
 'robotstxt/response_count': 1,
 'robotstxt/response_status_count/403': 1,
 'scheduler/dequeued': 1,
 'scheduler/dequeued/memory': 1,
 'scheduler/enqueued': 1,
 'scheduler/enqueued/memory': 1,
 'start_time': datetime.datetime(2023, 12, 21, 18, 59, 42, 537667, tzinfo=datetime.timezone.utc)}
2023-12-21 18:59:50 [scrapy.core.engine] INFO: Spider closed (finished)
