2023-12-28 18:23:20 [scrapy.utils.log] INFO: Scrapy 2.11.0 started (bot: entremed)
2023-12-28 18:23:20 [scrapy.utils.log] INFO: Versions: lxml 4.9.3.0, libxml2 2.10.3, cssselect 1.2.0, parsel 1.8.1, w3lib 2.1.2, Twisted 22.10.0, Python 3.10.13 (main, Dec 19 2023, 20:49:50) [GCC 12.2.0], pyOpenSSL 23.3.0 (OpenSSL 3.1.4 24 Oct 2023), cryptography 41.0.5, Platform Linux-6.4.16-linuxkit-x86_64-with-glibc2.36
2023-12-28 18:23:20 [scrapy.addons] INFO: Enabled addons:
[]
2023-12-28 18:23:20 [asyncio] DEBUG: Using selector: EpollSelector
2023-12-28 18:23:20 [scrapy.utils.log] DEBUG: Using reactor: twisted.internet.asyncioreactor.AsyncioSelectorReactor
2023-12-28 18:23:20 [scrapy.utils.log] DEBUG: Using asyncio event loop: asyncio.unix_events._UnixSelectorEventLoop
2023-12-28 18:23:20 [scrapy.extensions.telnet] INFO: Telnet Password: ba7de5307778f4de
2023-12-28 18:23:20 [scrapy.middleware] INFO: Enabled extensions:
['scrapy.extensions.corestats.CoreStats',
 'scrapy.extensions.telnet.TelnetConsole',
 'scrapy.extensions.memusage.MemoryUsage',
 'scrapy.extensions.logstats.LogStats']
2023-12-28 18:23:20 [scrapy.crawler] INFO: Overridden settings:
{'BOT_NAME': 'entremed',
 'CONCURRENT_REQUESTS': 2,
 'DOWNLOAD_DELAY': 5,
 'FEED_EXPORT_ENCODING': 'utf-8',
 'LOG_FILE': 'logs/entremed/cltrablisting/2d16ca26a5ae11eebcb10242ac150006.log',
 'NEWSPIDER_MODULE': 'entremed.spiders',
 'REQUEST_FINGERPRINTER_IMPLEMENTATION': '2.7',
 'ROBOTSTXT_OBEY': True,
 'SPIDER_MODULES': ['entremed.spiders'],
 'TWISTED_REACTOR': 'twisted.internet.asyncioreactor.AsyncioSelectorReactor'}
2023-12-28 18:23:20 [scrapy.middleware] INFO: Enabled downloader middlewares:
['scrapy.downloadermiddlewares.robotstxt.RobotsTxtMiddleware',
 'scrapy.downloadermiddlewares.httpauth.HttpAuthMiddleware',
 'scrapy.downloadermiddlewares.downloadtimeout.DownloadTimeoutMiddleware',
 'scrapy.downloadermiddlewares.defaultheaders.DefaultHeadersMiddleware',
 'scrapy.downloadermiddlewares.useragent.UserAgentMiddleware',
 'scrapy.downloadermiddlewares.retry.RetryMiddleware',
 'scrapy.downloadermiddlewares.redirect.MetaRefreshMiddleware',
 'scrapy.downloadermiddlewares.httpcompression.HttpCompressionMiddleware',
 'scrapy.downloadermiddlewares.redirect.RedirectMiddleware',
 'scrapy.downloadermiddlewares.cookies.CookiesMiddleware',
 'scrapy.downloadermiddlewares.httpproxy.HttpProxyMiddleware',
 'scrapy.downloadermiddlewares.stats.DownloaderStats']
2023-12-28 18:23:20 [scrapy.middleware] INFO: Enabled spider middlewares:
['scrapy.spidermiddlewares.httperror.HttpErrorMiddleware',
 'scrapy.spidermiddlewares.offsite.OffsiteMiddleware',
 'entremed.middlewares.EntremedSpiderMiddleware',
 'entremed.middlewares.SaveJobStatsMiddleware',
 'scrapy.spidermiddlewares.referer.RefererMiddleware',
 'scrapy.spidermiddlewares.urllength.UrlLengthMiddleware',
 'scrapy.spidermiddlewares.depth.DepthMiddleware']
2023-12-28 18:23:20 [scrapy.middleware] INFO: Enabled item pipelines:
['entremed.pipelines.StoreRawJobOfferPipeline']
2023-12-28 18:23:20 [scrapy.core.engine] INFO: Spider opened
2023-12-28 18:23:20 [scrapy.extensions.logstats] INFO: Crawled 0 pages (at 0 pages/min), scraped 0 items (at 0 items/min)
2023-12-28 18:23:20 [cltrablisting] INFO: Spider opened: cltrablisting
2023-12-28 18:23:20 [urllib3.connectionpool] DEBUG: Starting new HTTP connection (1): api-raw-jobs:8000
2023-12-28 18:23:21 [urllib3.connectionpool] DEBUG: http://api-raw-jobs:8000 "POST /auth/token HTTP/1.1" 200 193
2023-12-28 18:23:21 [urllib3.connectionpool] DEBUG: Starting new HTTP connection (1): api-watchdog:8000
2023-12-28 18:23:21 [urllib3.connectionpool] DEBUG: http://api-watchdog:8000 "POST /auth/token HTTP/1.1" 200 193
2023-12-28 18:23:21 [scrapy.extensions.telnet] INFO: Telnet console listening on 127.0.0.1:6024
2023-12-28 18:23:21 [scrapy.core.engine] DEBUG: Crawled (403) <GET https://www.chiletrabajos.cl/robots.txt> (referer: None)
2023-12-28 18:23:29 [scrapy.core.engine] DEBUG: Crawled (200) <GET https://www.chiletrabajos.cl/encuentra-un-empleo?2=enfermera&13=&fecha=3&categoria=&8=&14=&inclusion=&f=2https://www.chiletrabajos.cl/encuentra-un-empleo?2=enfermeria&13=&fecha=3&categoria=&8=&14=&inclusion=&f=2> (referer: None)
2023-12-28 18:23:29 [cltrablisting] INFO: 18:23:29 Started reading site: https://www.chiletrabajos.cl/encuentra-un-empleo?2=enfermera&13=&fecha=3&categoria=&8=&14=&inclusion=&f=2https://www.chiletrabajos.cl/encuentra-un-empleo?2=enfermeria&13=&fecha=3&categoria=&8=&14=&inclusion=&f=2
2023-12-28 18:23:29 [scrapy.core.scraper] DEBUG: Scraped from <200 https://www.chiletrabajos.cl/encuentra-un-empleo?2=enfermera&13=&fecha=3&categoria=&8=&14=&inclusion=&f=2https://www.chiletrabajos.cl/encuentra-un-empleo?2=enfermeria&13=&fecha=3&categoria=&8=&14=&inclusion=&f=2>
None
2023-12-28 18:23:29 [scrapy.core.scraper] DEBUG: Scraped from <200 https://www.chiletrabajos.cl/encuentra-un-empleo?2=enfermera&13=&fecha=3&categoria=&8=&14=&inclusion=&f=2https://www.chiletrabajos.cl/encuentra-un-empleo?2=enfermeria&13=&fecha=3&categoria=&8=&14=&inclusion=&f=2>
None
2023-12-28 18:23:29 [scrapy.core.scraper] DEBUG: Scraped from <200 https://www.chiletrabajos.cl/encuentra-un-empleo?2=enfermera&13=&fecha=3&categoria=&8=&14=&inclusion=&f=2https://www.chiletrabajos.cl/encuentra-un-empleo?2=enfermeria&13=&fecha=3&categoria=&8=&14=&inclusion=&f=2>
None
2023-12-28 18:23:29 [scrapy.core.scraper] DEBUG: Scraped from <200 https://www.chiletrabajos.cl/encuentra-un-empleo?2=enfermera&13=&fecha=3&categoria=&8=&14=&inclusion=&f=2https://www.chiletrabajos.cl/encuentra-un-empleo?2=enfermeria&13=&fecha=3&categoria=&8=&14=&inclusion=&f=2>
None
2023-12-28 18:23:29 [scrapy.core.scraper] DEBUG: Scraped from <200 https://www.chiletrabajos.cl/encuentra-un-empleo?2=enfermera&13=&fecha=3&categoria=&8=&14=&inclusion=&f=2https://www.chiletrabajos.cl/encuentra-un-empleo?2=enfermeria&13=&fecha=3&categoria=&8=&14=&inclusion=&f=2>
None
2023-12-28 18:23:29 [scrapy.core.scraper] DEBUG: Scraped from <200 https://www.chiletrabajos.cl/encuentra-un-empleo?2=enfermera&13=&fecha=3&categoria=&8=&14=&inclusion=&f=2https://www.chiletrabajos.cl/encuentra-un-empleo?2=enfermeria&13=&fecha=3&categoria=&8=&14=&inclusion=&f=2>
None
2023-12-28 18:23:29 [scrapy.core.scraper] DEBUG: Scraped from <200 https://www.chiletrabajos.cl/encuentra-un-empleo?2=enfermera&13=&fecha=3&categoria=&8=&14=&inclusion=&f=2https://www.chiletrabajos.cl/encuentra-un-empleo?2=enfermeria&13=&fecha=3&categoria=&8=&14=&inclusion=&f=2>
None
2023-12-28 18:23:29 [scrapy.core.scraper] DEBUG: Scraped from <200 https://www.chiletrabajos.cl/encuentra-un-empleo?2=enfermera&13=&fecha=3&categoria=&8=&14=&inclusion=&f=2https://www.chiletrabajos.cl/encuentra-un-empleo?2=enfermeria&13=&fecha=3&categoria=&8=&14=&inclusion=&f=2>
None
2023-12-28 18:23:29 [scrapy.core.scraper] DEBUG: Scraped from <200 https://www.chiletrabajos.cl/encuentra-un-empleo?2=enfermera&13=&fecha=3&categoria=&8=&14=&inclusion=&f=2https://www.chiletrabajos.cl/encuentra-un-empleo?2=enfermeria&13=&fecha=3&categoria=&8=&14=&inclusion=&f=2>
None
2023-12-28 18:23:29 [scrapy.core.scraper] DEBUG: Scraped from <200 https://www.chiletrabajos.cl/encuentra-un-empleo?2=enfermera&13=&fecha=3&categoria=&8=&14=&inclusion=&f=2https://www.chiletrabajos.cl/encuentra-un-empleo?2=enfermeria&13=&fecha=3&categoria=&8=&14=&inclusion=&f=2>
None
2023-12-28 18:23:29 [scrapy.core.scraper] DEBUG: Scraped from <200 https://www.chiletrabajos.cl/encuentra-un-empleo?2=enfermera&13=&fecha=3&categoria=&8=&14=&inclusion=&f=2https://www.chiletrabajos.cl/encuentra-un-empleo?2=enfermeria&13=&fecha=3&categoria=&8=&14=&inclusion=&f=2>
None
2023-12-28 18:23:29 [scrapy.core.scraper] DEBUG: Scraped from <200 https://www.chiletrabajos.cl/encuentra-un-empleo?2=enfermera&13=&fecha=3&categoria=&8=&14=&inclusion=&f=2https://www.chiletrabajos.cl/encuentra-un-empleo?2=enfermeria&13=&fecha=3&categoria=&8=&14=&inclusion=&f=2>
None
2023-12-28 18:23:29 [scrapy.core.scraper] DEBUG: Scraped from <200 https://www.chiletrabajos.cl/encuentra-un-empleo?2=enfermera&13=&fecha=3&categoria=&8=&14=&inclusion=&f=2https://www.chiletrabajos.cl/encuentra-un-empleo?2=enfermeria&13=&fecha=3&categoria=&8=&14=&inclusion=&f=2>
None
2023-12-28 18:23:29 [scrapy.core.scraper] DEBUG: Scraped from <200 https://www.chiletrabajos.cl/encuentra-un-empleo?2=enfermera&13=&fecha=3&categoria=&8=&14=&inclusion=&f=2https://www.chiletrabajos.cl/encuentra-un-empleo?2=enfermeria&13=&fecha=3&categoria=&8=&14=&inclusion=&f=2>
None
2023-12-28 18:23:29 [scrapy.core.scraper] DEBUG: Scraped from <200 https://www.chiletrabajos.cl/encuentra-un-empleo?2=enfermera&13=&fecha=3&categoria=&8=&14=&inclusion=&f=2https://www.chiletrabajos.cl/encuentra-un-empleo?2=enfermeria&13=&fecha=3&categoria=&8=&14=&inclusion=&f=2>
None
2023-12-28 18:23:29 [scrapy.core.scraper] DEBUG: Scraped from <200 https://www.chiletrabajos.cl/encuentra-un-empleo?2=enfermera&13=&fecha=3&categoria=&8=&14=&inclusion=&f=2https://www.chiletrabajos.cl/encuentra-un-empleo?2=enfermeria&13=&fecha=3&categoria=&8=&14=&inclusion=&f=2>
None
2023-12-28 18:23:29 [scrapy.core.scraper] DEBUG: Scraped from <200 https://www.chiletrabajos.cl/encuentra-un-empleo?2=enfermera&13=&fecha=3&categoria=&8=&14=&inclusion=&f=2https://www.chiletrabajos.cl/encuentra-un-empleo?2=enfermeria&13=&fecha=3&categoria=&8=&14=&inclusion=&f=2>
None
2023-12-28 18:23:29 [scrapy.core.scraper] DEBUG: Scraped from <200 https://www.chiletrabajos.cl/encuentra-un-empleo?2=enfermera&13=&fecha=3&categoria=&8=&14=&inclusion=&f=2https://www.chiletrabajos.cl/encuentra-un-empleo?2=enfermeria&13=&fecha=3&categoria=&8=&14=&inclusion=&f=2>
None
2023-12-28 18:23:29 [scrapy.core.scraper] DEBUG: Scraped from <200 https://www.chiletrabajos.cl/encuentra-un-empleo?2=enfermera&13=&fecha=3&categoria=&8=&14=&inclusion=&f=2https://www.chiletrabajos.cl/encuentra-un-empleo?2=enfermeria&13=&fecha=3&categoria=&8=&14=&inclusion=&f=2>
None
2023-12-28 18:23:29 [scrapy.core.scraper] DEBUG: Scraped from <200 https://www.chiletrabajos.cl/encuentra-un-empleo?2=enfermera&13=&fecha=3&categoria=&8=&14=&inclusion=&f=2https://www.chiletrabajos.cl/encuentra-un-empleo?2=enfermeria&13=&fecha=3&categoria=&8=&14=&inclusion=&f=2>
None
2023-12-28 18:23:29 [scrapy.core.scraper] DEBUG: Scraped from <200 https://www.chiletrabajos.cl/encuentra-un-empleo?2=enfermera&13=&fecha=3&categoria=&8=&14=&inclusion=&f=2https://www.chiletrabajos.cl/encuentra-un-empleo?2=enfermeria&13=&fecha=3&categoria=&8=&14=&inclusion=&f=2>
None
2023-12-28 18:23:29 [scrapy.core.scraper] DEBUG: Scraped from <200 https://www.chiletrabajos.cl/encuentra-un-empleo?2=enfermera&13=&fecha=3&categoria=&8=&14=&inclusion=&f=2https://www.chiletrabajos.cl/encuentra-un-empleo?2=enfermeria&13=&fecha=3&categoria=&8=&14=&inclusion=&f=2>
None
2023-12-28 18:23:29 [scrapy.core.scraper] DEBUG: Scraped from <200 https://www.chiletrabajos.cl/encuentra-un-empleo?2=enfermera&13=&fecha=3&categoria=&8=&14=&inclusion=&f=2https://www.chiletrabajos.cl/encuentra-un-empleo?2=enfermeria&13=&fecha=3&categoria=&8=&14=&inclusion=&f=2>
None
2023-12-28 18:23:29 [scrapy.core.scraper] DEBUG: Scraped from <200 https://www.chiletrabajos.cl/encuentra-un-empleo?2=enfermera&13=&fecha=3&categoria=&8=&14=&inclusion=&f=2https://www.chiletrabajos.cl/encuentra-un-empleo?2=enfermeria&13=&fecha=3&categoria=&8=&14=&inclusion=&f=2>
None
2023-12-28 18:23:29 [scrapy.core.scraper] DEBUG: Scraped from <200 https://www.chiletrabajos.cl/encuentra-un-empleo?2=enfermera&13=&fecha=3&categoria=&8=&14=&inclusion=&f=2https://www.chiletrabajos.cl/encuentra-un-empleo?2=enfermeria&13=&fecha=3&categoria=&8=&14=&inclusion=&f=2>
None
2023-12-28 18:23:29 [scrapy.core.scraper] DEBUG: Scraped from <200 https://www.chiletrabajos.cl/encuentra-un-empleo?2=enfermera&13=&fecha=3&categoria=&8=&14=&inclusion=&f=2https://www.chiletrabajos.cl/encuentra-un-empleo?2=enfermeria&13=&fecha=3&categoria=&8=&14=&inclusion=&f=2>
None
2023-12-28 18:23:29 [scrapy.core.scraper] DEBUG: Scraped from <200 https://www.chiletrabajos.cl/encuentra-un-empleo?2=enfermera&13=&fecha=3&categoria=&8=&14=&inclusion=&f=2https://www.chiletrabajos.cl/encuentra-un-empleo?2=enfermeria&13=&fecha=3&categoria=&8=&14=&inclusion=&f=2>
None
2023-12-28 18:23:29 [scrapy.core.scraper] DEBUG: Scraped from <200 https://www.chiletrabajos.cl/encuentra-un-empleo?2=enfermera&13=&fecha=3&categoria=&8=&14=&inclusion=&f=2https://www.chiletrabajos.cl/encuentra-un-empleo?2=enfermeria&13=&fecha=3&categoria=&8=&14=&inclusion=&f=2>
None
2023-12-28 18:23:29 [scrapy.core.scraper] DEBUG: Scraped from <200 https://www.chiletrabajos.cl/encuentra-un-empleo?2=enfermera&13=&fecha=3&categoria=&8=&14=&inclusion=&f=2https://www.chiletrabajos.cl/encuentra-un-empleo?2=enfermeria&13=&fecha=3&categoria=&8=&14=&inclusion=&f=2>
None
2023-12-28 18:23:29 [scrapy.core.scraper] DEBUG: Scraped from <200 https://www.chiletrabajos.cl/encuentra-un-empleo?2=enfermera&13=&fecha=3&categoria=&8=&14=&inclusion=&f=2https://www.chiletrabajos.cl/encuentra-un-empleo?2=enfermeria&13=&fecha=3&categoria=&8=&14=&inclusion=&f=2>
None
2023-12-28 18:23:29 [cltrablisting] INFO: 18:23:29 FInished reading site: https://www.chiletrabajos.cl/encuentra-un-empleo?2=enfermera&13=&fecha=3&categoria=&8=&14=&inclusion=&f=2https://www.chiletrabajos.cl/encuentra-un-empleo?2=enfermeria&13=&fecha=3&categoria=&8=&14=&inclusion=&f=2
2023-12-28 18:23:32 [scrapy.crawler] INFO: Received SIGTERM, shutting down gracefully. Send again to force 
2023-12-28 18:23:32 [scrapy.core.engine] INFO: Closing spider (shutdown)
2023-12-28 18:23:35 [scrapy.core.engine] DEBUG: Crawled (200) <GET https://www.chiletrabajos.cl/encuentra-un-empleo?2=tens&13=&fecha=3&categoria=&8=&14=&inclusion=&f=2> (referer: None)
2023-12-28 18:23:35 [cltrablisting] INFO: 18:23:35 Started reading site: https://www.chiletrabajos.cl/encuentra-un-empleo?2=tens&13=&fecha=3&categoria=&8=&14=&inclusion=&f=2
2023-12-28 18:23:35 [scrapy.core.scraper] DEBUG: Scraped from <200 https://www.chiletrabajos.cl/encuentra-un-empleo?2=tens&13=&fecha=3&categoria=&8=&14=&inclusion=&f=2>
None
2023-12-28 18:23:35 [scrapy.core.scraper] DEBUG: Scraped from <200 https://www.chiletrabajos.cl/encuentra-un-empleo?2=tens&13=&fecha=3&categoria=&8=&14=&inclusion=&f=2>
None
2023-12-28 18:23:35 [scrapy.core.scraper] DEBUG: Scraped from <200 https://www.chiletrabajos.cl/encuentra-un-empleo?2=tens&13=&fecha=3&categoria=&8=&14=&inclusion=&f=2>
None
2023-12-28 18:23:35 [scrapy.core.scraper] DEBUG: Scraped from <200 https://www.chiletrabajos.cl/encuentra-un-empleo?2=tens&13=&fecha=3&categoria=&8=&14=&inclusion=&f=2>
None
2023-12-28 18:23:35 [scrapy.core.scraper] DEBUG: Scraped from <200 https://www.chiletrabajos.cl/encuentra-un-empleo?2=tens&13=&fecha=3&categoria=&8=&14=&inclusion=&f=2>
None
2023-12-28 18:23:35 [scrapy.core.scraper] DEBUG: Scraped from <200 https://www.chiletrabajos.cl/encuentra-un-empleo?2=tens&13=&fecha=3&categoria=&8=&14=&inclusion=&f=2>
None
2023-12-28 18:23:35 [scrapy.core.scraper] DEBUG: Scraped from <200 https://www.chiletrabajos.cl/encuentra-un-empleo?2=tens&13=&fecha=3&categoria=&8=&14=&inclusion=&f=2>
None
2023-12-28 18:23:35 [scrapy.core.scraper] DEBUG: Scraped from <200 https://www.chiletrabajos.cl/encuentra-un-empleo?2=tens&13=&fecha=3&categoria=&8=&14=&inclusion=&f=2>
None
2023-12-28 18:23:35 [scrapy.core.scraper] DEBUG: Scraped from <200 https://www.chiletrabajos.cl/encuentra-un-empleo?2=tens&13=&fecha=3&categoria=&8=&14=&inclusion=&f=2>
None
2023-12-28 18:23:35 [scrapy.core.scraper] DEBUG: Scraped from <200 https://www.chiletrabajos.cl/encuentra-un-empleo?2=tens&13=&fecha=3&categoria=&8=&14=&inclusion=&f=2>
None
2023-12-28 18:23:35 [scrapy.core.scraper] DEBUG: Scraped from <200 https://www.chiletrabajos.cl/encuentra-un-empleo?2=tens&13=&fecha=3&categoria=&8=&14=&inclusion=&f=2>
None
2023-12-28 18:23:35 [scrapy.core.scraper] DEBUG: Scraped from <200 https://www.chiletrabajos.cl/encuentra-un-empleo?2=tens&13=&fecha=3&categoria=&8=&14=&inclusion=&f=2>
None
2023-12-28 18:23:35 [scrapy.core.scraper] DEBUG: Scraped from <200 https://www.chiletrabajos.cl/encuentra-un-empleo?2=tens&13=&fecha=3&categoria=&8=&14=&inclusion=&f=2>
None
2023-12-28 18:23:35 [scrapy.core.scraper] DEBUG: Scraped from <200 https://www.chiletrabajos.cl/encuentra-un-empleo?2=tens&13=&fecha=3&categoria=&8=&14=&inclusion=&f=2>
None
2023-12-28 18:23:35 [scrapy.core.scraper] DEBUG: Scraped from <200 https://www.chiletrabajos.cl/encuentra-un-empleo?2=tens&13=&fecha=3&categoria=&8=&14=&inclusion=&f=2>
None
2023-12-28 18:23:35 [scrapy.core.scraper] DEBUG: Scraped from <200 https://www.chiletrabajos.cl/encuentra-un-empleo?2=tens&13=&fecha=3&categoria=&8=&14=&inclusion=&f=2>
None
2023-12-28 18:23:35 [scrapy.core.scraper] DEBUG: Scraped from <200 https://www.chiletrabajos.cl/encuentra-un-empleo?2=tens&13=&fecha=3&categoria=&8=&14=&inclusion=&f=2>
None
2023-12-28 18:23:35 [scrapy.core.scraper] DEBUG: Scraped from <200 https://www.chiletrabajos.cl/encuentra-un-empleo?2=tens&13=&fecha=3&categoria=&8=&14=&inclusion=&f=2>
None
2023-12-28 18:23:35 [scrapy.core.scraper] DEBUG: Scraped from <200 https://www.chiletrabajos.cl/encuentra-un-empleo?2=tens&13=&fecha=3&categoria=&8=&14=&inclusion=&f=2>
None
2023-12-28 18:23:35 [scrapy.core.scraper] DEBUG: Scraped from <200 https://www.chiletrabajos.cl/encuentra-un-empleo?2=tens&13=&fecha=3&categoria=&8=&14=&inclusion=&f=2>
None
2023-12-28 18:23:35 [scrapy.core.scraper] DEBUG: Scraped from <200 https://www.chiletrabajos.cl/encuentra-un-empleo?2=tens&13=&fecha=3&categoria=&8=&14=&inclusion=&f=2>
None
2023-12-28 18:23:35 [scrapy.core.scraper] DEBUG: Scraped from <200 https://www.chiletrabajos.cl/encuentra-un-empleo?2=tens&13=&fecha=3&categoria=&8=&14=&inclusion=&f=2>
None
2023-12-28 18:23:35 [scrapy.core.scraper] DEBUG: Scraped from <200 https://www.chiletrabajos.cl/encuentra-un-empleo?2=tens&13=&fecha=3&categoria=&8=&14=&inclusion=&f=2>
None
2023-12-28 18:23:35 [scrapy.core.scraper] DEBUG: Scraped from <200 https://www.chiletrabajos.cl/encuentra-un-empleo?2=tens&13=&fecha=3&categoria=&8=&14=&inclusion=&f=2>
None
2023-12-28 18:23:35 [scrapy.core.scraper] DEBUG: Scraped from <200 https://www.chiletrabajos.cl/encuentra-un-empleo?2=tens&13=&fecha=3&categoria=&8=&14=&inclusion=&f=2>
None
2023-12-28 18:23:35 [scrapy.core.scraper] DEBUG: Scraped from <200 https://www.chiletrabajos.cl/encuentra-un-empleo?2=tens&13=&fecha=3&categoria=&8=&14=&inclusion=&f=2>
None
2023-12-28 18:23:35 [scrapy.core.scraper] DEBUG: Scraped from <200 https://www.chiletrabajos.cl/encuentra-un-empleo?2=tens&13=&fecha=3&categoria=&8=&14=&inclusion=&f=2>
None
2023-12-28 18:23:35 [scrapy.core.scraper] DEBUG: Scraped from <200 https://www.chiletrabajos.cl/encuentra-un-empleo?2=tens&13=&fecha=3&categoria=&8=&14=&inclusion=&f=2>
None
2023-12-28 18:23:35 [scrapy.core.scraper] DEBUG: Scraped from <200 https://www.chiletrabajos.cl/encuentra-un-empleo?2=tens&13=&fecha=3&categoria=&8=&14=&inclusion=&f=2>
None
2023-12-28 18:23:35 [scrapy.core.scraper] DEBUG: Scraped from <200 https://www.chiletrabajos.cl/encuentra-un-empleo?2=tens&13=&fecha=3&categoria=&8=&14=&inclusion=&f=2>
None
2023-12-28 18:23:35 [cltrablisting] INFO: 18:23:35 FInished reading site: https://www.chiletrabajos.cl/encuentra-un-empleo?2=tens&13=&fecha=3&categoria=&8=&14=&inclusion=&f=2
2023-12-28 18:23:40 [scrapy.core.engine] DEBUG: Crawled (200) <GET https://www.chiletrabajos.cl/encuentra-un-empleo?2=tecnico+en+enfermeria&13=&fecha=3&categoria=&8=&14=&inclusion=&f=2> (referer: None)
2023-12-28 18:23:40 [cltrablisting] INFO: 18:23:40 Started reading site: https://www.chiletrabajos.cl/encuentra-un-empleo?2=tecnico+en+enfermeria&13=&fecha=3&categoria=&8=&14=&inclusion=&f=2
2023-12-28 18:23:40 [scrapy.core.scraper] DEBUG: Scraped from <200 https://www.chiletrabajos.cl/encuentra-un-empleo?2=tecnico+en+enfermeria&13=&fecha=3&categoria=&8=&14=&inclusion=&f=2>
None
2023-12-28 18:23:40 [scrapy.core.scraper] DEBUG: Scraped from <200 https://www.chiletrabajos.cl/encuentra-un-empleo?2=tecnico+en+enfermeria&13=&fecha=3&categoria=&8=&14=&inclusion=&f=2>
None
2023-12-28 18:23:40 [scrapy.core.scraper] DEBUG: Scraped from <200 https://www.chiletrabajos.cl/encuentra-un-empleo?2=tecnico+en+enfermeria&13=&fecha=3&categoria=&8=&14=&inclusion=&f=2>
None
2023-12-28 18:23:40 [scrapy.core.scraper] DEBUG: Scraped from <200 https://www.chiletrabajos.cl/encuentra-un-empleo?2=tecnico+en+enfermeria&13=&fecha=3&categoria=&8=&14=&inclusion=&f=2>
None
2023-12-28 18:23:40 [scrapy.core.scraper] DEBUG: Scraped from <200 https://www.chiletrabajos.cl/encuentra-un-empleo?2=tecnico+en+enfermeria&13=&fecha=3&categoria=&8=&14=&inclusion=&f=2>
None
2023-12-28 18:23:40 [scrapy.core.scraper] DEBUG: Scraped from <200 https://www.chiletrabajos.cl/encuentra-un-empleo?2=tecnico+en+enfermeria&13=&fecha=3&categoria=&8=&14=&inclusion=&f=2>
None
2023-12-28 18:23:40 [scrapy.core.scraper] DEBUG: Scraped from <200 https://www.chiletrabajos.cl/encuentra-un-empleo?2=tecnico+en+enfermeria&13=&fecha=3&categoria=&8=&14=&inclusion=&f=2>
None
2023-12-28 18:23:40 [scrapy.core.scraper] DEBUG: Scraped from <200 https://www.chiletrabajos.cl/encuentra-un-empleo?2=tecnico+en+enfermeria&13=&fecha=3&categoria=&8=&14=&inclusion=&f=2>
None
2023-12-28 18:23:40 [scrapy.core.scraper] DEBUG: Scraped from <200 https://www.chiletrabajos.cl/encuentra-un-empleo?2=tecnico+en+enfermeria&13=&fecha=3&categoria=&8=&14=&inclusion=&f=2>
None
2023-12-28 18:23:40 [scrapy.core.scraper] DEBUG: Scraped from <200 https://www.chiletrabajos.cl/encuentra-un-empleo?2=tecnico+en+enfermeria&13=&fecha=3&categoria=&8=&14=&inclusion=&f=2>
None
2023-12-28 18:23:40 [scrapy.core.scraper] DEBUG: Scraped from <200 https://www.chiletrabajos.cl/encuentra-un-empleo?2=tecnico+en+enfermeria&13=&fecha=3&categoria=&8=&14=&inclusion=&f=2>
None
2023-12-28 18:23:40 [scrapy.core.scraper] DEBUG: Scraped from <200 https://www.chiletrabajos.cl/encuentra-un-empleo?2=tecnico+en+enfermeria&13=&fecha=3&categoria=&8=&14=&inclusion=&f=2>
None
2023-12-28 18:23:40 [scrapy.core.scraper] DEBUG: Scraped from <200 https://www.chiletrabajos.cl/encuentra-un-empleo?2=tecnico+en+enfermeria&13=&fecha=3&categoria=&8=&14=&inclusion=&f=2>
None
2023-12-28 18:23:40 [scrapy.core.scraper] DEBUG: Scraped from <200 https://www.chiletrabajos.cl/encuentra-un-empleo?2=tecnico+en+enfermeria&13=&fecha=3&categoria=&8=&14=&inclusion=&f=2>
None
2023-12-28 18:23:40 [scrapy.core.scraper] DEBUG: Scraped from <200 https://www.chiletrabajos.cl/encuentra-un-empleo?2=tecnico+en+enfermeria&13=&fecha=3&categoria=&8=&14=&inclusion=&f=2>
None
2023-12-28 18:23:40 [scrapy.core.scraper] DEBUG: Scraped from <200 https://www.chiletrabajos.cl/encuentra-un-empleo?2=tecnico+en+enfermeria&13=&fecha=3&categoria=&8=&14=&inclusion=&f=2>
None
2023-12-28 18:23:40 [scrapy.core.scraper] DEBUG: Scraped from <200 https://www.chiletrabajos.cl/encuentra-un-empleo?2=tecnico+en+enfermeria&13=&fecha=3&categoria=&8=&14=&inclusion=&f=2>
None
2023-12-28 18:23:40 [scrapy.core.scraper] DEBUG: Scraped from <200 https://www.chiletrabajos.cl/encuentra-un-empleo?2=tecnico+en+enfermeria&13=&fecha=3&categoria=&8=&14=&inclusion=&f=2>
None
2023-12-28 18:23:40 [scrapy.core.scraper] DEBUG: Scraped from <200 https://www.chiletrabajos.cl/encuentra-un-empleo?2=tecnico+en+enfermeria&13=&fecha=3&categoria=&8=&14=&inclusion=&f=2>
None
2023-12-28 18:23:40 [scrapy.core.scraper] DEBUG: Scraped from <200 https://www.chiletrabajos.cl/encuentra-un-empleo?2=tecnico+en+enfermeria&13=&fecha=3&categoria=&8=&14=&inclusion=&f=2>
None
2023-12-28 18:23:40 [scrapy.core.scraper] DEBUG: Scraped from <200 https://www.chiletrabajos.cl/encuentra-un-empleo?2=tecnico+en+enfermeria&13=&fecha=3&categoria=&8=&14=&inclusion=&f=2>
None
2023-12-28 18:23:40 [scrapy.core.scraper] DEBUG: Scraped from <200 https://www.chiletrabajos.cl/encuentra-un-empleo?2=tecnico+en+enfermeria&13=&fecha=3&categoria=&8=&14=&inclusion=&f=2>
None
2023-12-28 18:23:40 [scrapy.core.scraper] DEBUG: Scraped from <200 https://www.chiletrabajos.cl/encuentra-un-empleo?2=tecnico+en+enfermeria&13=&fecha=3&categoria=&8=&14=&inclusion=&f=2>
None
2023-12-28 18:23:40 [scrapy.core.scraper] DEBUG: Scraped from <200 https://www.chiletrabajos.cl/encuentra-un-empleo?2=tecnico+en+enfermeria&13=&fecha=3&categoria=&8=&14=&inclusion=&f=2>
None
2023-12-28 18:23:40 [scrapy.core.scraper] DEBUG: Scraped from <200 https://www.chiletrabajos.cl/encuentra-un-empleo?2=tecnico+en+enfermeria&13=&fecha=3&categoria=&8=&14=&inclusion=&f=2>
None
2023-12-28 18:23:40 [scrapy.core.scraper] DEBUG: Scraped from <200 https://www.chiletrabajos.cl/encuentra-un-empleo?2=tecnico+en+enfermeria&13=&fecha=3&categoria=&8=&14=&inclusion=&f=2>
None
2023-12-28 18:23:40 [scrapy.core.scraper] DEBUG: Scraped from <200 https://www.chiletrabajos.cl/encuentra-un-empleo?2=tecnico+en+enfermeria&13=&fecha=3&categoria=&8=&14=&inclusion=&f=2>
None
2023-12-28 18:23:40 [scrapy.core.scraper] DEBUG: Scraped from <200 https://www.chiletrabajos.cl/encuentra-un-empleo?2=tecnico+en+enfermeria&13=&fecha=3&categoria=&8=&14=&inclusion=&f=2>
None
2023-12-28 18:23:40 [scrapy.core.scraper] DEBUG: Scraped from <200 https://www.chiletrabajos.cl/encuentra-un-empleo?2=tecnico+en+enfermeria&13=&fecha=3&categoria=&8=&14=&inclusion=&f=2>
None
2023-12-28 18:23:40 [scrapy.core.scraper] DEBUG: Scraped from <200 https://www.chiletrabajos.cl/encuentra-un-empleo?2=tecnico+en+enfermeria&13=&fecha=3&categoria=&8=&14=&inclusion=&f=2>
None
2023-12-28 18:23:40 [cltrablisting] INFO: 18:23:40 FInished reading site: https://www.chiletrabajos.cl/encuentra-un-empleo?2=tecnico+en+enfermeria&13=&fecha=3&categoria=&8=&14=&inclusion=&f=2
2023-12-28 18:23:40 [urllib3.connectionpool] DEBUG: Starting new HTTP connection (1): api-raw-jobs:8000
2023-12-28 18:23:40 [urllib3.connectionpool] DEBUG: http://api-raw-jobs:8000 "POST /jobs HTTP/1.1" 409 39
2023-12-28 18:23:40 [urllib3.connectionpool] DEBUG: Starting new HTTP connection (1): api-raw-jobs:8000
2023-12-28 18:23:40 [urllib3.connectionpool] DEBUG: http://api-raw-jobs:8000 "POST /jobs HTTP/1.1" 409 39
2023-12-28 18:23:40 [urllib3.connectionpool] DEBUG: Starting new HTTP connection (1): api-raw-jobs:8000
2023-12-28 18:23:40 [urllib3.connectionpool] DEBUG: http://api-raw-jobs:8000 "POST /jobs HTTP/1.1" 409 39
2023-12-28 18:23:40 [urllib3.connectionpool] DEBUG: Starting new HTTP connection (1): api-raw-jobs:8000
2023-12-28 18:23:40 [urllib3.connectionpool] DEBUG: http://api-raw-jobs:8000 "POST /jobs HTTP/1.1" 409 39
2023-12-28 18:23:40 [urllib3.connectionpool] DEBUG: Starting new HTTP connection (1): api-raw-jobs:8000
2023-12-28 18:23:40 [urllib3.connectionpool] DEBUG: http://api-raw-jobs:8000 "POST /jobs HTTP/1.1" 409 39
2023-12-28 18:23:40 [urllib3.connectionpool] DEBUG: Starting new HTTP connection (1): api-raw-jobs:8000
2023-12-28 18:23:40 [urllib3.connectionpool] DEBUG: http://api-raw-jobs:8000 "POST /jobs HTTP/1.1" 409 39
2023-12-28 18:23:40 [urllib3.connectionpool] DEBUG: Starting new HTTP connection (1): api-raw-jobs:8000
2023-12-28 18:23:40 [urllib3.connectionpool] DEBUG: http://api-raw-jobs:8000 "POST /jobs HTTP/1.1" 409 39
2023-12-28 18:23:40 [urllib3.connectionpool] DEBUG: Starting new HTTP connection (1): api-raw-jobs:8000
2023-12-28 18:23:40 [urllib3.connectionpool] DEBUG: http://api-raw-jobs:8000 "POST /jobs HTTP/1.1" 409 39
2023-12-28 18:23:40 [urllib3.connectionpool] DEBUG: Starting new HTTP connection (1): api-raw-jobs:8000
2023-12-28 18:23:40 [urllib3.connectionpool] DEBUG: http://api-raw-jobs:8000 "POST /jobs HTTP/1.1" 409 39
2023-12-28 18:23:40 [urllib3.connectionpool] DEBUG: Starting new HTTP connection (1): api-raw-jobs:8000
2023-12-28 18:23:40 [urllib3.connectionpool] DEBUG: http://api-raw-jobs:8000 "POST /jobs HTTP/1.1" 409 39
2023-12-28 18:23:40 [urllib3.connectionpool] DEBUG: Starting new HTTP connection (1): api-raw-jobs:8000
2023-12-28 18:23:40 [urllib3.connectionpool] DEBUG: http://api-raw-jobs:8000 "POST /jobs HTTP/1.1" 409 39
2023-12-28 18:23:40 [urllib3.connectionpool] DEBUG: Starting new HTTP connection (1): api-raw-jobs:8000
2023-12-28 18:23:40 [urllib3.connectionpool] DEBUG: http://api-raw-jobs:8000 "POST /jobs HTTP/1.1" 409 39
2023-12-28 18:23:40 [urllib3.connectionpool] DEBUG: Starting new HTTP connection (1): api-raw-jobs:8000
2023-12-28 18:23:40 [urllib3.connectionpool] DEBUG: http://api-raw-jobs:8000 "POST /jobs HTTP/1.1" 409 39
2023-12-28 18:23:40 [urllib3.connectionpool] DEBUG: Starting new HTTP connection (1): api-raw-jobs:8000
2023-12-28 18:23:40 [urllib3.connectionpool] DEBUG: http://api-raw-jobs:8000 "POST /jobs HTTP/1.1" 409 39
2023-12-28 18:23:40 [urllib3.connectionpool] DEBUG: Starting new HTTP connection (1): api-raw-jobs:8000
2023-12-28 18:23:40 [urllib3.connectionpool] DEBUG: http://api-raw-jobs:8000 "POST /jobs HTTP/1.1" 409 39
2023-12-28 18:23:40 [urllib3.connectionpool] DEBUG: Starting new HTTP connection (1): api-raw-jobs:8000
2023-12-28 18:23:40 [urllib3.connectionpool] DEBUG: http://api-raw-jobs:8000 "POST /jobs HTTP/1.1" 409 39
2023-12-28 18:23:40 [urllib3.connectionpool] DEBUG: Starting new HTTP connection (1): api-raw-jobs:8000
2023-12-28 18:23:40 [urllib3.connectionpool] DEBUG: http://api-raw-jobs:8000 "POST /jobs HTTP/1.1" 409 39
2023-12-28 18:23:40 [urllib3.connectionpool] DEBUG: Starting new HTTP connection (1): api-raw-jobs:8000
2023-12-28 18:23:40 [urllib3.connectionpool] DEBUG: http://api-raw-jobs:8000 "POST /jobs HTTP/1.1" 409 39
2023-12-28 18:23:40 [urllib3.connectionpool] DEBUG: Starting new HTTP connection (1): api-raw-jobs:8000
2023-12-28 18:23:40 [urllib3.connectionpool] DEBUG: http://api-raw-jobs:8000 "POST /jobs HTTP/1.1" 409 39
2023-12-28 18:23:40 [urllib3.connectionpool] DEBUG: Starting new HTTP connection (1): api-raw-jobs:8000
2023-12-28 18:23:40 [urllib3.connectionpool] DEBUG: http://api-raw-jobs:8000 "POST /jobs HTTP/1.1" 409 39
2023-12-28 18:23:40 [urllib3.connectionpool] DEBUG: Starting new HTTP connection (1): api-raw-jobs:8000
2023-12-28 18:23:40 [urllib3.connectionpool] DEBUG: http://api-raw-jobs:8000 "POST /jobs HTTP/1.1" 409 39
2023-12-28 18:23:40 [urllib3.connectionpool] DEBUG: Starting new HTTP connection (1): api-raw-jobs:8000
2023-12-28 18:23:40 [urllib3.connectionpool] DEBUG: http://api-raw-jobs:8000 "POST /jobs HTTP/1.1" 409 39
2023-12-28 18:23:40 [urllib3.connectionpool] DEBUG: Starting new HTTP connection (1): api-raw-jobs:8000
2023-12-28 18:23:40 [urllib3.connectionpool] DEBUG: http://api-raw-jobs:8000 "POST /jobs HTTP/1.1" 409 39
2023-12-28 18:23:40 [urllib3.connectionpool] DEBUG: Starting new HTTP connection (1): api-raw-jobs:8000
2023-12-28 18:23:40 [urllib3.connectionpool] DEBUG: http://api-raw-jobs:8000 "POST /jobs HTTP/1.1" 409 39
2023-12-28 18:23:40 [urllib3.connectionpool] DEBUG: Starting new HTTP connection (1): api-raw-jobs:8000
2023-12-28 18:23:40 [urllib3.connectionpool] DEBUG: http://api-raw-jobs:8000 "POST /jobs HTTP/1.1" 409 39
2023-12-28 18:23:40 [urllib3.connectionpool] DEBUG: Starting new HTTP connection (1): api-raw-jobs:8000
2023-12-28 18:23:40 [urllib3.connectionpool] DEBUG: http://api-raw-jobs:8000 "POST /jobs HTTP/1.1" 409 39
2023-12-28 18:23:40 [urllib3.connectionpool] DEBUG: Starting new HTTP connection (1): api-raw-jobs:8000
2023-12-28 18:23:40 [urllib3.connectionpool] DEBUG: http://api-raw-jobs:8000 "POST /jobs HTTP/1.1" 409 39
2023-12-28 18:23:40 [urllib3.connectionpool] DEBUG: Starting new HTTP connection (1): api-raw-jobs:8000
2023-12-28 18:23:40 [urllib3.connectionpool] DEBUG: http://api-raw-jobs:8000 "POST /jobs HTTP/1.1" 409 39
2023-12-28 18:23:40 [urllib3.connectionpool] DEBUG: Starting new HTTP connection (1): api-raw-jobs:8000
2023-12-28 18:23:40 [urllib3.connectionpool] DEBUG: http://api-raw-jobs:8000 "POST /jobs HTTP/1.1" 409 39
2023-12-28 18:23:40 [urllib3.connectionpool] DEBUG: Starting new HTTP connection (1): api-raw-jobs:8000
2023-12-28 18:23:40 [urllib3.connectionpool] DEBUG: http://api-raw-jobs:8000 "POST /jobs HTTP/1.1" 409 39
2023-12-28 18:23:40 [urllib3.connectionpool] DEBUG: Starting new HTTP connection (1): api-raw-jobs:8000
2023-12-28 18:23:40 [urllib3.connectionpool] DEBUG: http://api-raw-jobs:8000 "POST /jobs HTTP/1.1" 409 39
2023-12-28 18:23:40 [urllib3.connectionpool] DEBUG: Starting new HTTP connection (1): api-raw-jobs:8000
2023-12-28 18:23:40 [urllib3.connectionpool] DEBUG: http://api-raw-jobs:8000 "POST /jobs HTTP/1.1" 409 39
2023-12-28 18:23:40 [urllib3.connectionpool] DEBUG: Starting new HTTP connection (1): api-raw-jobs:8000
2023-12-28 18:23:40 [urllib3.connectionpool] DEBUG: http://api-raw-jobs:8000 "POST /jobs HTTP/1.1" 409 39
2023-12-28 18:23:40 [urllib3.connectionpool] DEBUG: Starting new HTTP connection (1): api-raw-jobs:8000
2023-12-28 18:23:40 [urllib3.connectionpool] DEBUG: http://api-raw-jobs:8000 "POST /jobs HTTP/1.1" 409 39
2023-12-28 18:23:40 [urllib3.connectionpool] DEBUG: Starting new HTTP connection (1): api-raw-jobs:8000
2023-12-28 18:23:40 [urllib3.connectionpool] DEBUG: http://api-raw-jobs:8000 "POST /jobs HTTP/1.1" 409 39
2023-12-28 18:23:40 [urllib3.connectionpool] DEBUG: Starting new HTTP connection (1): api-raw-jobs:8000
2023-12-28 18:23:40 [urllib3.connectionpool] DEBUG: http://api-raw-jobs:8000 "POST /jobs HTTP/1.1" 409 39
2023-12-28 18:23:40 [urllib3.connectionpool] DEBUG: Starting new HTTP connection (1): api-raw-jobs:8000
2023-12-28 18:23:40 [urllib3.connectionpool] DEBUG: http://api-raw-jobs:8000 "POST /jobs HTTP/1.1" 409 39
2023-12-28 18:23:40 [urllib3.connectionpool] DEBUG: Starting new HTTP connection (1): api-raw-jobs:8000
2023-12-28 18:23:40 [urllib3.connectionpool] DEBUG: http://api-raw-jobs:8000 "POST /jobs HTTP/1.1" 409 39
2023-12-28 18:23:40 [urllib3.connectionpool] DEBUG: Starting new HTTP connection (1): api-raw-jobs:8000
2023-12-28 18:23:40 [urllib3.connectionpool] DEBUG: http://api-raw-jobs:8000 "POST /jobs HTTP/1.1" 409 39
2023-12-28 18:23:40 [urllib3.connectionpool] DEBUG: Starting new HTTP connection (1): api-raw-jobs:8000
2023-12-28 18:23:40 [urllib3.connectionpool] DEBUG: http://api-raw-jobs:8000 "POST /jobs HTTP/1.1" 409 39
2023-12-28 18:23:40 [urllib3.connectionpool] DEBUG: Starting new HTTP connection (1): api-raw-jobs:8000
2023-12-28 18:23:40 [urllib3.connectionpool] DEBUG: http://api-raw-jobs:8000 "POST /jobs HTTP/1.1" 409 39
2023-12-28 18:23:40 [urllib3.connectionpool] DEBUG: Starting new HTTP connection (1): api-raw-jobs:8000
2023-12-28 18:23:40 [urllib3.connectionpool] DEBUG: http://api-raw-jobs:8000 "POST /jobs HTTP/1.1" 409 39
2023-12-28 18:23:40 [urllib3.connectionpool] DEBUG: Starting new HTTP connection (1): api-raw-jobs:8000
2023-12-28 18:23:40 [urllib3.connectionpool] DEBUG: http://api-raw-jobs:8000 "POST /jobs HTTP/1.1" 409 39
2023-12-28 18:23:40 [urllib3.connectionpool] DEBUG: Starting new HTTP connection (1): api-raw-jobs:8000
2023-12-28 18:23:40 [urllib3.connectionpool] DEBUG: http://api-raw-jobs:8000 "POST /jobs HTTP/1.1" 409 39
2023-12-28 18:23:40 [urllib3.connectionpool] DEBUG: Starting new HTTP connection (1): api-raw-jobs:8000
2023-12-28 18:23:40 [urllib3.connectionpool] DEBUG: http://api-raw-jobs:8000 "POST /jobs HTTP/1.1" 409 39
2023-12-28 18:23:40 [urllib3.connectionpool] DEBUG: Starting new HTTP connection (1): api-raw-jobs:8000
2023-12-28 18:23:40 [urllib3.connectionpool] DEBUG: http://api-raw-jobs:8000 "POST /jobs HTTP/1.1" 409 39
2023-12-28 18:23:40 [urllib3.connectionpool] DEBUG: Starting new HTTP connection (1): api-raw-jobs:8000
2023-12-28 18:23:40 [urllib3.connectionpool] DEBUG: http://api-raw-jobs:8000 "POST /jobs HTTP/1.1" 409 39
2023-12-28 18:23:40 [urllib3.connectionpool] DEBUG: Starting new HTTP connection (1): api-raw-jobs:8000
2023-12-28 18:23:40 [urllib3.connectionpool] DEBUG: http://api-raw-jobs:8000 "POST /jobs HTTP/1.1" 409 39
2023-12-28 18:23:40 [urllib3.connectionpool] DEBUG: Starting new HTTP connection (1): api-raw-jobs:8000
2023-12-28 18:23:40 [urllib3.connectionpool] DEBUG: http://api-raw-jobs:8000 "POST /jobs HTTP/1.1" 409 39
2023-12-28 18:23:40 [urllib3.connectionpool] DEBUG: Starting new HTTP connection (1): api-raw-jobs:8000
2023-12-28 18:23:40 [urllib3.connectionpool] DEBUG: http://api-raw-jobs:8000 "POST /jobs HTTP/1.1" 409 39
2023-12-28 18:23:40 [urllib3.connectionpool] DEBUG: Starting new HTTP connection (1): api-raw-jobs:8000
2023-12-28 18:23:40 [urllib3.connectionpool] DEBUG: http://api-raw-jobs:8000 "POST /jobs HTTP/1.1" 409 39
2023-12-28 18:23:40 [urllib3.connectionpool] DEBUG: Starting new HTTP connection (1): api-raw-jobs:8000
2023-12-28 18:23:40 [urllib3.connectionpool] DEBUG: http://api-raw-jobs:8000 "POST /jobs HTTP/1.1" 409 39
2023-12-28 18:23:40 [urllib3.connectionpool] DEBUG: Starting new HTTP connection (1): api-raw-jobs:8000
2023-12-28 18:23:40 [urllib3.connectionpool] DEBUG: http://api-raw-jobs:8000 "POST /jobs HTTP/1.1" 409 39
2023-12-28 18:23:40 [urllib3.connectionpool] DEBUG: Starting new HTTP connection (1): api-raw-jobs:8000
2023-12-28 18:23:40 [urllib3.connectionpool] DEBUG: http://api-raw-jobs:8000 "POST /jobs HTTP/1.1" 409 39
2023-12-28 18:23:40 [urllib3.connectionpool] DEBUG: Starting new HTTP connection (1): api-raw-jobs:8000
2023-12-28 18:23:40 [urllib3.connectionpool] DEBUG: http://api-raw-jobs:8000 "POST /jobs HTTP/1.1" 409 39
2023-12-28 18:23:40 [urllib3.connectionpool] DEBUG: Starting new HTTP connection (1): api-raw-jobs:8000
2023-12-28 18:23:40 [urllib3.connectionpool] DEBUG: http://api-raw-jobs:8000 "POST /jobs HTTP/1.1" 409 39
2023-12-28 18:23:40 [urllib3.connectionpool] DEBUG: Starting new HTTP connection (1): api-raw-jobs:8000
2023-12-28 18:23:41 [urllib3.connectionpool] DEBUG: http://api-raw-jobs:8000 "POST /jobs HTTP/1.1" 409 39
2023-12-28 18:23:41 [urllib3.connectionpool] DEBUG: Starting new HTTP connection (1): api-raw-jobs:8000
2023-12-28 18:23:41 [urllib3.connectionpool] DEBUG: http://api-raw-jobs:8000 "POST /jobs HTTP/1.1" 409 39
2023-12-28 18:23:41 [urllib3.connectionpool] DEBUG: Starting new HTTP connection (1): api-raw-jobs:8000
2023-12-28 18:23:41 [urllib3.connectionpool] DEBUG: http://api-raw-jobs:8000 "POST /jobs HTTP/1.1" 409 39
2023-12-28 18:23:41 [urllib3.connectionpool] DEBUG: Starting new HTTP connection (1): api-raw-jobs:8000
2023-12-28 18:23:41 [urllib3.connectionpool] DEBUG: http://api-raw-jobs:8000 "POST /jobs HTTP/1.1" 409 39
2023-12-28 18:23:41 [urllib3.connectionpool] DEBUG: Starting new HTTP connection (1): api-raw-jobs:8000
2023-12-28 18:23:41 [urllib3.connectionpool] DEBUG: http://api-raw-jobs:8000 "POST /jobs HTTP/1.1" 409 39
2023-12-28 18:23:41 [urllib3.connectionpool] DEBUG: Starting new HTTP connection (1): api-raw-jobs:8000
2023-12-28 18:23:41 [urllib3.connectionpool] DEBUG: http://api-raw-jobs:8000 "POST /jobs HTTP/1.1" 409 39
2023-12-28 18:23:41 [urllib3.connectionpool] DEBUG: Starting new HTTP connection (1): api-raw-jobs:8000
2023-12-28 18:23:41 [urllib3.connectionpool] DEBUG: http://api-raw-jobs:8000 "POST /jobs HTTP/1.1" 409 39
2023-12-28 18:23:41 [urllib3.connectionpool] DEBUG: Starting new HTTP connection (1): api-raw-jobs:8000
2023-12-28 18:23:41 [urllib3.connectionpool] DEBUG: http://api-raw-jobs:8000 "POST /jobs HTTP/1.1" 409 39
2023-12-28 18:23:41 [urllib3.connectionpool] DEBUG: Starting new HTTP connection (1): api-raw-jobs:8000
2023-12-28 18:23:41 [urllib3.connectionpool] DEBUG: http://api-raw-jobs:8000 "POST /jobs HTTP/1.1" 409 39
2023-12-28 18:23:41 [urllib3.connectionpool] DEBUG: Starting new HTTP connection (1): api-raw-jobs:8000
2023-12-28 18:23:41 [urllib3.connectionpool] DEBUG: http://api-raw-jobs:8000 "POST /jobs HTTP/1.1" 409 39
2023-12-28 18:23:41 [urllib3.connectionpool] DEBUG: Starting new HTTP connection (1): api-raw-jobs:8000
2023-12-28 18:23:41 [urllib3.connectionpool] DEBUG: http://api-raw-jobs:8000 "POST /jobs HTTP/1.1" 409 39
2023-12-28 18:23:41 [urllib3.connectionpool] DEBUG: Starting new HTTP connection (1): api-raw-jobs:8000
2023-12-28 18:23:41 [urllib3.connectionpool] DEBUG: http://api-raw-jobs:8000 "POST /jobs HTTP/1.1" 409 39
2023-12-28 18:23:41 [urllib3.connectionpool] DEBUG: Starting new HTTP connection (1): api-raw-jobs:8000
2023-12-28 18:23:41 [urllib3.connectionpool] DEBUG: http://api-raw-jobs:8000 "POST /jobs HTTP/1.1" 409 39
2023-12-28 18:23:41 [urllib3.connectionpool] DEBUG: Starting new HTTP connection (1): api-raw-jobs:8000
2023-12-28 18:23:41 [urllib3.connectionpool] DEBUG: http://api-raw-jobs:8000 "POST /jobs HTTP/1.1" 409 39
2023-12-28 18:23:41 [urllib3.connectionpool] DEBUG: Starting new HTTP connection (1): api-raw-jobs:8000
2023-12-28 18:23:41 [urllib3.connectionpool] DEBUG: http://api-raw-jobs:8000 "POST /jobs HTTP/1.1" 409 39
2023-12-28 18:23:41 [urllib3.connectionpool] DEBUG: Starting new HTTP connection (1): api-raw-jobs:8000
2023-12-28 18:23:41 [urllib3.connectionpool] DEBUG: http://api-raw-jobs:8000 "POST /jobs HTTP/1.1" 409 39
2023-12-28 18:23:41 [urllib3.connectionpool] DEBUG: Starting new HTTP connection (1): api-raw-jobs:8000
2023-12-28 18:23:41 [urllib3.connectionpool] DEBUG: http://api-raw-jobs:8000 "POST /jobs HTTP/1.1" 409 39
2023-12-28 18:23:41 [urllib3.connectionpool] DEBUG: Starting new HTTP connection (1): api-raw-jobs:8000
2023-12-28 18:23:41 [urllib3.connectionpool] DEBUG: http://api-raw-jobs:8000 "POST /jobs HTTP/1.1" 409 39
2023-12-28 18:23:41 [urllib3.connectionpool] DEBUG: Starting new HTTP connection (1): api-raw-jobs:8000
2023-12-28 18:23:41 [urllib3.connectionpool] DEBUG: http://api-raw-jobs:8000 "POST /jobs HTTP/1.1" 409 39
2023-12-28 18:23:41 [urllib3.connectionpool] DEBUG: Starting new HTTP connection (1): api-raw-jobs:8000
2023-12-28 18:23:41 [urllib3.connectionpool] DEBUG: http://api-raw-jobs:8000 "POST /jobs HTTP/1.1" 409 39
2023-12-28 18:23:41 [urllib3.connectionpool] DEBUG: Starting new HTTP connection (1): api-raw-jobs:8000
2023-12-28 18:23:41 [urllib3.connectionpool] DEBUG: http://api-raw-jobs:8000 "POST /jobs HTTP/1.1" 409 39
2023-12-28 18:23:41 [urllib3.connectionpool] DEBUG: Starting new HTTP connection (1): api-raw-jobs:8000
2023-12-28 18:23:41 [urllib3.connectionpool] DEBUG: http://api-raw-jobs:8000 "POST /jobs HTTP/1.1" 409 39
2023-12-28 18:23:41 [urllib3.connectionpool] DEBUG: Starting new HTTP connection (1): api-raw-jobs:8000
2023-12-28 18:23:41 [urllib3.connectionpool] DEBUG: http://api-raw-jobs:8000 "POST /jobs HTTP/1.1" 409 39
2023-12-28 18:23:41 [urllib3.connectionpool] DEBUG: Starting new HTTP connection (1): api-raw-jobs:8000
2023-12-28 18:23:41 [urllib3.connectionpool] DEBUG: http://api-raw-jobs:8000 "POST /jobs HTTP/1.1" 409 39
2023-12-28 18:23:41 [urllib3.connectionpool] DEBUG: Starting new HTTP connection (1): api-raw-jobs:8000
2023-12-28 18:23:41 [urllib3.connectionpool] DEBUG: http://api-raw-jobs:8000 "POST /jobs HTTP/1.1" 409 39
2023-12-28 18:23:41 [urllib3.connectionpool] DEBUG: Starting new HTTP connection (1): api-raw-jobs:8000
2023-12-28 18:23:41 [urllib3.connectionpool] DEBUG: http://api-raw-jobs:8000 "POST /jobs HTTP/1.1" 409 39
2023-12-28 18:23:41 [urllib3.connectionpool] DEBUG: Starting new HTTP connection (1): api-raw-jobs:8000
2023-12-28 18:23:41 [urllib3.connectionpool] DEBUG: http://api-raw-jobs:8000 "POST /jobs HTTP/1.1" 409 39
2023-12-28 18:23:41 [urllib3.connectionpool] DEBUG: Starting new HTTP connection (1): api-raw-jobs:8000
2023-12-28 18:23:41 [urllib3.connectionpool] DEBUG: http://api-raw-jobs:8000 "POST /jobs HTTP/1.1" 409 39
2023-12-28 18:23:41 [urllib3.connectionpool] DEBUG: Starting new HTTP connection (1): api-raw-jobs:8000
2023-12-28 18:23:41 [urllib3.connectionpool] DEBUG: http://api-raw-jobs:8000 "POST /jobs HTTP/1.1" 409 39
2023-12-28 18:23:41 [urllib3.connectionpool] DEBUG: Starting new HTTP connection (1): api-raw-jobs:8000
2023-12-28 18:23:41 [urllib3.connectionpool] DEBUG: http://api-raw-jobs:8000 "POST /jobs HTTP/1.1" 409 39
2023-12-28 18:23:41 [urllib3.connectionpool] DEBUG: Starting new HTTP connection (1): api-raw-jobs:8000
2023-12-28 18:23:41 [urllib3.connectionpool] DEBUG: http://api-raw-jobs:8000 "POST /jobs HTTP/1.1" 409 39
2023-12-28 18:23:41 [urllib3.connectionpool] DEBUG: Starting new HTTP connection (1): api-raw-jobs:8000
2023-12-28 18:23:41 [urllib3.connectionpool] DEBUG: http://api-raw-jobs:8000 "POST /jobs HTTP/1.1" 409 39
2023-12-28 18:23:41 [urllib3.connectionpool] DEBUG: Starting new HTTP connection (1): api-raw-jobs:8000
2023-12-28 18:23:41 [urllib3.connectionpool] DEBUG: http://api-raw-jobs:8000 "POST /jobs HTTP/1.1" 409 39
2023-12-28 18:23:41 [urllib3.connectionpool] DEBUG: Starting new HTTP connection (1): api-raw-jobs:8000
2023-12-28 18:23:41 [urllib3.connectionpool] DEBUG: http://api-raw-jobs:8000 "POST /jobs HTTP/1.1" 409 39
2023-12-28 18:23:41 [urllib3.connectionpool] DEBUG: Starting new HTTP connection (1): api-watchdog:8000
2023-12-28 18:23:41 [urllib3.connectionpool] DEBUG: http://api-watchdog:8000 "PUT /logs/spiders/2d16ca26a5ae11eebcb10242ac150006 HTTP/1.1" 200 4
2023-12-28 18:23:41 [scrapy.statscollectors] INFO: Dumping Scrapy stats:
{'downloader/request_bytes': 2082,
 'downloader/request_count': 4,
 'downloader/request_method_count/GET': 4,
 'downloader/response_bytes': 46220,
 'downloader/response_count': 4,
 'downloader/response_status_count/200': 3,
 'downloader/response_status_count/403': 1,
 'elapsed_time_seconds': 19.714485,
 'finish_reason': 'shutdown',
 'finish_time': datetime.datetime(2023, 12, 28, 18, 23, 40, 570606, tzinfo=datetime.timezone.utc),
 'httpcompression/response_bytes': 380488,
 'httpcompression/response_count': 3,
 'item_scraped_count': 90,
 'items_saved': 0,
 'log_count/DEBUG': 283,
 'log_count/INFO': 18,
 'memusage/max': 66600960,
 'memusage/startup': 66600960,
 'response_received_count': 4,
 'robotstxt/request_count': 1,
 'robotstxt/response_count': 1,
 'robotstxt/response_status_count/403': 1,
 'scheduler/dequeued': 3,
 'scheduler/dequeued/memory': 3,
 'scheduler/enqueued': 3,
 'scheduler/enqueued/memory': 3,
 'start_time': datetime.datetime(2023, 12, 28, 18, 23, 20, 856121, tzinfo=datetime.timezone.utc)}
2023-12-28 18:23:41 [scrapy.core.engine] INFO: Spider closed (shutdown)
