2023-12-21 20:27:26 [scrapy.utils.log] INFO: Scrapy 2.11.0 started (bot: entremed)
2023-12-21 20:27:26 [scrapy.utils.log] INFO: Versions: lxml 4.9.3.0, libxml2 2.10.3, cssselect 1.2.0, parsel 1.8.1, w3lib 2.1.2, Twisted 22.10.0, Python 3.10.13 (main, Dec 19 2023, 20:49:50) [GCC 12.2.0], pyOpenSSL 23.3.0 (OpenSSL 3.1.4 24 Oct 2023), cryptography 41.0.5, Platform Linux-6.4.16-linuxkit-x86_64-with-glibc2.36
2023-12-21 20:27:26 [scrapy.addons] INFO: Enabled addons:
[]
2023-12-21 20:27:26 [asyncio] DEBUG: Using selector: EpollSelector
2023-12-21 20:27:26 [scrapy.utils.log] DEBUG: Using reactor: twisted.internet.asyncioreactor.AsyncioSelectorReactor
2023-12-21 20:27:26 [scrapy.utils.log] DEBUG: Using asyncio event loop: asyncio.unix_events._UnixSelectorEventLoop
2023-12-21 20:27:26 [scrapy.extensions.telnet] INFO: Telnet Password: 39588893f1fe7980
2023-12-21 20:27:26 [scrapy.middleware] INFO: Enabled extensions:
['scrapy.extensions.corestats.CoreStats',
 'scrapy.extensions.telnet.TelnetConsole',
 'scrapy.extensions.memusage.MemoryUsage',
 'scrapy.extensions.logstats.LogStats']
2023-12-21 20:27:26 [scrapy.crawler] INFO: Overridden settings:
{'BOT_NAME': 'entremed',
 'CONCURRENT_REQUESTS': 1,
 'DOWNLOAD_DELAY': 5,
 'FEED_EXPORT_ENCODING': 'utf-8',
 'LOG_FILE': 'logs/entremed/cltrablisting/59a0c048a03f11eea1b80242ac120006.log',
 'NEWSPIDER_MODULE': 'entremed.spiders',
 'REQUEST_FINGERPRINTER_IMPLEMENTATION': '2.7',
 'ROBOTSTXT_OBEY': True,
 'SPIDER_MODULES': ['entremed.spiders'],
 'TWISTED_REACTOR': 'twisted.internet.asyncioreactor.AsyncioSelectorReactor'}
2023-12-21 20:27:26 [scrapy.middleware] INFO: Enabled downloader middlewares:
['scrapy.downloadermiddlewares.robotstxt.RobotsTxtMiddleware',
 'scrapy.downloadermiddlewares.httpauth.HttpAuthMiddleware',
 'scrapy.downloadermiddlewares.downloadtimeout.DownloadTimeoutMiddleware',
 'scrapy.downloadermiddlewares.defaultheaders.DefaultHeadersMiddleware',
 'scrapy.downloadermiddlewares.useragent.UserAgentMiddleware',
 'scrapy.downloadermiddlewares.retry.RetryMiddleware',
 'scrapy.downloadermiddlewares.redirect.MetaRefreshMiddleware',
 'scrapy.downloadermiddlewares.httpcompression.HttpCompressionMiddleware',
 'scrapy.downloadermiddlewares.redirect.RedirectMiddleware',
 'scrapy.downloadermiddlewares.cookies.CookiesMiddleware',
 'scrapy.downloadermiddlewares.httpproxy.HttpProxyMiddleware',
 'scrapy.downloadermiddlewares.stats.DownloaderStats']
2023-12-21 20:27:26 [scrapy.middleware] INFO: Enabled spider middlewares:
['scrapy.spidermiddlewares.httperror.HttpErrorMiddleware',
 'scrapy.spidermiddlewares.offsite.OffsiteMiddleware',
 'entremed.middlewares.EntremedSpiderMiddleware',
 'entremed.middlewares.SaveJobStatsMiddleware',
 'scrapy.spidermiddlewares.referer.RefererMiddleware',
 'scrapy.spidermiddlewares.urllength.UrlLengthMiddleware',
 'scrapy.spidermiddlewares.depth.DepthMiddleware']
2023-12-21 20:27:26 [scrapy.middleware] INFO: Enabled item pipelines:
['entremed.pipelines.StoreRawJobOfferPipeline']
2023-12-21 20:27:26 [scrapy.core.engine] INFO: Spider opened
2023-12-21 20:27:26 [scrapy.extensions.logstats] INFO: Crawled 0 pages (at 0 pages/min), scraped 0 items (at 0 items/min)
2023-12-21 20:27:26 [cltrablisting] INFO: Spider opened: cltrablisting
2023-12-21 20:27:26 [urllib3.connectionpool] DEBUG: Starting new HTTP connection (1): api-raw-jobs:8000
2023-12-21 20:27:26 [urllib3.connectionpool] DEBUG: http://api-raw-jobs:8000 "POST /auth/token HTTP/1.1" 200 193
2023-12-21 20:27:26 [urllib3.connectionpool] DEBUG: Starting new HTTP connection (1): api-watchdog:8000
2023-12-21 20:27:26 [urllib3.connectionpool] DEBUG: http://api-watchdog:8000 "POST /auth/token HTTP/1.1" 200 193
2023-12-21 20:27:26 [scrapy.extensions.telnet] INFO: Telnet console listening on 127.0.0.1:6023
2023-12-21 20:27:27 [scrapy.core.engine] DEBUG: Crawled (403) <GET https://www.chiletrabajos.cl/robots.txt> (referer: None)
2023-12-21 20:27:34 [scrapy.core.engine] DEBUG: Crawled (200) <GET https://www.chiletrabajos.cl/encuentra-un-empleo?2=enfermera&13=&fecha=3&categoria=&8=&14=&inclusion=&f=2> (referer: None)
2023-12-21 20:27:35 [cltrablisting] INFO: 20:27:35 Started reading site: https://www.chiletrabajos.cl/encuentra-un-empleo?2=enfermera&13=&fecha=3&categoria=&8=&14=&inclusion=&f=2
2023-12-21 20:27:35 [scrapy.core.scraper] DEBUG: Scraped from <200 https://www.chiletrabajos.cl/encuentra-un-empleo?2=enfermera&13=&fecha=3&categoria=&8=&14=&inclusion=&f=2>
None
2023-12-21 20:27:35 [scrapy.core.scraper] DEBUG: Scraped from <200 https://www.chiletrabajos.cl/encuentra-un-empleo?2=enfermera&13=&fecha=3&categoria=&8=&14=&inclusion=&f=2>
None
2023-12-21 20:27:35 [scrapy.core.scraper] DEBUG: Scraped from <200 https://www.chiletrabajos.cl/encuentra-un-empleo?2=enfermera&13=&fecha=3&categoria=&8=&14=&inclusion=&f=2>
None
2023-12-21 20:27:35 [scrapy.core.scraper] DEBUG: Scraped from <200 https://www.chiletrabajos.cl/encuentra-un-empleo?2=enfermera&13=&fecha=3&categoria=&8=&14=&inclusion=&f=2>
None
2023-12-21 20:27:35 [scrapy.core.scraper] DEBUG: Scraped from <200 https://www.chiletrabajos.cl/encuentra-un-empleo?2=enfermera&13=&fecha=3&categoria=&8=&14=&inclusion=&f=2>
None
2023-12-21 20:27:35 [scrapy.core.scraper] DEBUG: Scraped from <200 https://www.chiletrabajos.cl/encuentra-un-empleo?2=enfermera&13=&fecha=3&categoria=&8=&14=&inclusion=&f=2>
None
2023-12-21 20:27:35 [scrapy.core.scraper] DEBUG: Scraped from <200 https://www.chiletrabajos.cl/encuentra-un-empleo?2=enfermera&13=&fecha=3&categoria=&8=&14=&inclusion=&f=2>
None
2023-12-21 20:27:35 [scrapy.core.scraper] DEBUG: Scraped from <200 https://www.chiletrabajos.cl/encuentra-un-empleo?2=enfermera&13=&fecha=3&categoria=&8=&14=&inclusion=&f=2>
None
2023-12-21 20:27:35 [scrapy.core.scraper] DEBUG: Scraped from <200 https://www.chiletrabajos.cl/encuentra-un-empleo?2=enfermera&13=&fecha=3&categoria=&8=&14=&inclusion=&f=2>
None
2023-12-21 20:27:35 [scrapy.core.scraper] DEBUG: Scraped from <200 https://www.chiletrabajos.cl/encuentra-un-empleo?2=enfermera&13=&fecha=3&categoria=&8=&14=&inclusion=&f=2>
None
2023-12-21 20:27:35 [scrapy.core.scraper] DEBUG: Scraped from <200 https://www.chiletrabajos.cl/encuentra-un-empleo?2=enfermera&13=&fecha=3&categoria=&8=&14=&inclusion=&f=2>
None
2023-12-21 20:27:35 [scrapy.core.scraper] DEBUG: Scraped from <200 https://www.chiletrabajos.cl/encuentra-un-empleo?2=enfermera&13=&fecha=3&categoria=&8=&14=&inclusion=&f=2>
None
2023-12-21 20:27:35 [scrapy.core.scraper] DEBUG: Scraped from <200 https://www.chiletrabajos.cl/encuentra-un-empleo?2=enfermera&13=&fecha=3&categoria=&8=&14=&inclusion=&f=2>
None
2023-12-21 20:27:35 [scrapy.core.scraper] DEBUG: Scraped from <200 https://www.chiletrabajos.cl/encuentra-un-empleo?2=enfermera&13=&fecha=3&categoria=&8=&14=&inclusion=&f=2>
None
2023-12-21 20:27:35 [scrapy.core.scraper] DEBUG: Scraped from <200 https://www.chiletrabajos.cl/encuentra-un-empleo?2=enfermera&13=&fecha=3&categoria=&8=&14=&inclusion=&f=2>
None
2023-12-21 20:27:35 [scrapy.core.scraper] DEBUG: Scraped from <200 https://www.chiletrabajos.cl/encuentra-un-empleo?2=enfermera&13=&fecha=3&categoria=&8=&14=&inclusion=&f=2>
None
2023-12-21 20:27:35 [scrapy.core.scraper] DEBUG: Scraped from <200 https://www.chiletrabajos.cl/encuentra-un-empleo?2=enfermera&13=&fecha=3&categoria=&8=&14=&inclusion=&f=2>
None
2023-12-21 20:27:35 [scrapy.core.scraper] DEBUG: Scraped from <200 https://www.chiletrabajos.cl/encuentra-un-empleo?2=enfermera&13=&fecha=3&categoria=&8=&14=&inclusion=&f=2>
None
2023-12-21 20:27:35 [scrapy.core.scraper] DEBUG: Scraped from <200 https://www.chiletrabajos.cl/encuentra-un-empleo?2=enfermera&13=&fecha=3&categoria=&8=&14=&inclusion=&f=2>
None
2023-12-21 20:27:35 [scrapy.core.scraper] DEBUG: Scraped from <200 https://www.chiletrabajos.cl/encuentra-un-empleo?2=enfermera&13=&fecha=3&categoria=&8=&14=&inclusion=&f=2>
None
2023-12-21 20:27:35 [scrapy.core.scraper] DEBUG: Scraped from <200 https://www.chiletrabajos.cl/encuentra-un-empleo?2=enfermera&13=&fecha=3&categoria=&8=&14=&inclusion=&f=2>
None
2023-12-21 20:27:35 [scrapy.core.scraper] DEBUG: Scraped from <200 https://www.chiletrabajos.cl/encuentra-un-empleo?2=enfermera&13=&fecha=3&categoria=&8=&14=&inclusion=&f=2>
None
2023-12-21 20:27:35 [scrapy.core.scraper] DEBUG: Scraped from <200 https://www.chiletrabajos.cl/encuentra-un-empleo?2=enfermera&13=&fecha=3&categoria=&8=&14=&inclusion=&f=2>
None
2023-12-21 20:27:35 [scrapy.core.scraper] DEBUG: Scraped from <200 https://www.chiletrabajos.cl/encuentra-un-empleo?2=enfermera&13=&fecha=3&categoria=&8=&14=&inclusion=&f=2>
None
2023-12-21 20:27:35 [scrapy.core.scraper] DEBUG: Scraped from <200 https://www.chiletrabajos.cl/encuentra-un-empleo?2=enfermera&13=&fecha=3&categoria=&8=&14=&inclusion=&f=2>
None
2023-12-21 20:27:35 [scrapy.core.scraper] DEBUG: Scraped from <200 https://www.chiletrabajos.cl/encuentra-un-empleo?2=enfermera&13=&fecha=3&categoria=&8=&14=&inclusion=&f=2>
None
2023-12-21 20:27:35 [scrapy.core.scraper] DEBUG: Scraped from <200 https://www.chiletrabajos.cl/encuentra-un-empleo?2=enfermera&13=&fecha=3&categoria=&8=&14=&inclusion=&f=2>
None
2023-12-21 20:27:35 [scrapy.core.scraper] DEBUG: Scraped from <200 https://www.chiletrabajos.cl/encuentra-un-empleo?2=enfermera&13=&fecha=3&categoria=&8=&14=&inclusion=&f=2>
None
2023-12-21 20:27:35 [scrapy.core.scraper] DEBUG: Scraped from <200 https://www.chiletrabajos.cl/encuentra-un-empleo?2=enfermera&13=&fecha=3&categoria=&8=&14=&inclusion=&f=2>
None
2023-12-21 20:27:35 [scrapy.core.scraper] DEBUG: Scraped from <200 https://www.chiletrabajos.cl/encuentra-un-empleo?2=enfermera&13=&fecha=3&categoria=&8=&14=&inclusion=&f=2>
None
2023-12-21 20:27:35 [cltrablisting] INFO: 20:27:35 FInished reading site: https://www.chiletrabajos.cl/encuentra-un-empleo?2=enfermera&13=&fecha=3&categoria=&8=&14=&inclusion=&f=2
2023-12-21 20:27:35 [scrapy.core.engine] INFO: Closing spider (finished)
2023-12-21 20:27:35 [urllib3.connectionpool] DEBUG: Starting new HTTP connection (1): api-raw-jobs:8000
2023-12-21 20:27:35 [urllib3.connectionpool] DEBUG: http://api-raw-jobs:8000 "POST /jobs HTTP/1.1" 201 20
2023-12-21 20:27:35 [urllib3.connectionpool] DEBUG: Starting new HTTP connection (1): api-raw-jobs:8000
2023-12-21 20:27:35 [urllib3.connectionpool] DEBUG: http://api-raw-jobs:8000 "POST /jobs HTTP/1.1" 201 20
2023-12-21 20:27:35 [urllib3.connectionpool] DEBUG: Starting new HTTP connection (1): api-raw-jobs:8000
2023-12-21 20:27:35 [urllib3.connectionpool] DEBUG: http://api-raw-jobs:8000 "POST /jobs HTTP/1.1" 201 20
2023-12-21 20:27:35 [urllib3.connectionpool] DEBUG: Starting new HTTP connection (1): api-raw-jobs:8000
2023-12-21 20:27:35 [urllib3.connectionpool] DEBUG: http://api-raw-jobs:8000 "POST /jobs HTTP/1.1" 201 20
2023-12-21 20:27:35 [urllib3.connectionpool] DEBUG: Starting new HTTP connection (1): api-raw-jobs:8000
2023-12-21 20:27:35 [urllib3.connectionpool] DEBUG: http://api-raw-jobs:8000 "POST /jobs HTTP/1.1" 201 20
2023-12-21 20:27:35 [urllib3.connectionpool] DEBUG: Starting new HTTP connection (1): api-raw-jobs:8000
2023-12-21 20:27:35 [urllib3.connectionpool] DEBUG: http://api-raw-jobs:8000 "POST /jobs HTTP/1.1" 201 20
2023-12-21 20:27:35 [urllib3.connectionpool] DEBUG: Starting new HTTP connection (1): api-raw-jobs:8000
2023-12-21 20:27:35 [urllib3.connectionpool] DEBUG: http://api-raw-jobs:8000 "POST /jobs HTTP/1.1" 201 20
2023-12-21 20:27:35 [urllib3.connectionpool] DEBUG: Starting new HTTP connection (1): api-raw-jobs:8000
2023-12-21 20:27:35 [urllib3.connectionpool] DEBUG: http://api-raw-jobs:8000 "POST /jobs HTTP/1.1" 201 20
2023-12-21 20:27:35 [urllib3.connectionpool] DEBUG: Starting new HTTP connection (1): api-raw-jobs:8000
2023-12-21 20:27:35 [urllib3.connectionpool] DEBUG: http://api-raw-jobs:8000 "POST /jobs HTTP/1.1" 201 20
2023-12-21 20:27:35 [urllib3.connectionpool] DEBUG: Starting new HTTP connection (1): api-raw-jobs:8000
2023-12-21 20:27:35 [urllib3.connectionpool] DEBUG: http://api-raw-jobs:8000 "POST /jobs HTTP/1.1" 201 20
2023-12-21 20:27:35 [urllib3.connectionpool] DEBUG: Starting new HTTP connection (1): api-raw-jobs:8000
2023-12-21 20:27:35 [urllib3.connectionpool] DEBUG: http://api-raw-jobs:8000 "POST /jobs HTTP/1.1" 201 20
2023-12-21 20:27:35 [urllib3.connectionpool] DEBUG: Starting new HTTP connection (1): api-raw-jobs:8000
2023-12-21 20:27:35 [urllib3.connectionpool] DEBUG: http://api-raw-jobs:8000 "POST /jobs HTTP/1.1" 201 20
2023-12-21 20:27:35 [urllib3.connectionpool] DEBUG: Starting new HTTP connection (1): api-raw-jobs:8000
2023-12-21 20:27:35 [urllib3.connectionpool] DEBUG: http://api-raw-jobs:8000 "POST /jobs HTTP/1.1" 201 20
2023-12-21 20:27:35 [urllib3.connectionpool] DEBUG: Starting new HTTP connection (1): api-raw-jobs:8000
2023-12-21 20:27:35 [urllib3.connectionpool] DEBUG: http://api-raw-jobs:8000 "POST /jobs HTTP/1.1" 201 20
2023-12-21 20:27:35 [urllib3.connectionpool] DEBUG: Starting new HTTP connection (1): api-raw-jobs:8000
2023-12-21 20:27:35 [urllib3.connectionpool] DEBUG: http://api-raw-jobs:8000 "POST /jobs HTTP/1.1" 201 20
2023-12-21 20:27:35 [urllib3.connectionpool] DEBUG: Starting new HTTP connection (1): api-raw-jobs:8000
2023-12-21 20:27:35 [urllib3.connectionpool] DEBUG: http://api-raw-jobs:8000 "POST /jobs HTTP/1.1" 201 20
2023-12-21 20:27:35 [urllib3.connectionpool] DEBUG: Starting new HTTP connection (1): api-raw-jobs:8000
2023-12-21 20:27:35 [urllib3.connectionpool] DEBUG: http://api-raw-jobs:8000 "POST /jobs HTTP/1.1" 201 20
2023-12-21 20:27:35 [urllib3.connectionpool] DEBUG: Starting new HTTP connection (1): api-raw-jobs:8000
2023-12-21 20:27:35 [urllib3.connectionpool] DEBUG: http://api-raw-jobs:8000 "POST /jobs HTTP/1.1" 201 20
2023-12-21 20:27:35 [urllib3.connectionpool] DEBUG: Starting new HTTP connection (1): api-raw-jobs:8000
2023-12-21 20:27:35 [urllib3.connectionpool] DEBUG: http://api-raw-jobs:8000 "POST /jobs HTTP/1.1" 201 20
2023-12-21 20:27:35 [urllib3.connectionpool] DEBUG: Starting new HTTP connection (1): api-raw-jobs:8000
2023-12-21 20:27:35 [urllib3.connectionpool] DEBUG: http://api-raw-jobs:8000 "POST /jobs HTTP/1.1" 201 20
2023-12-21 20:27:35 [urllib3.connectionpool] DEBUG: Starting new HTTP connection (1): api-raw-jobs:8000
2023-12-21 20:27:35 [urllib3.connectionpool] DEBUG: http://api-raw-jobs:8000 "POST /jobs HTTP/1.1" 201 20
2023-12-21 20:27:35 [urllib3.connectionpool] DEBUG: Starting new HTTP connection (1): api-raw-jobs:8000
2023-12-21 20:27:35 [urllib3.connectionpool] DEBUG: http://api-raw-jobs:8000 "POST /jobs HTTP/1.1" 201 20
2023-12-21 20:27:35 [urllib3.connectionpool] DEBUG: Starting new HTTP connection (1): api-raw-jobs:8000
2023-12-21 20:27:35 [urllib3.connectionpool] DEBUG: http://api-raw-jobs:8000 "POST /jobs HTTP/1.1" 201 20
2023-12-21 20:27:35 [urllib3.connectionpool] DEBUG: Starting new HTTP connection (1): api-raw-jobs:8000
2023-12-21 20:27:35 [urllib3.connectionpool] DEBUG: http://api-raw-jobs:8000 "POST /jobs HTTP/1.1" 201 20
2023-12-21 20:27:35 [urllib3.connectionpool] DEBUG: Starting new HTTP connection (1): api-raw-jobs:8000
2023-12-21 20:27:35 [urllib3.connectionpool] DEBUG: http://api-raw-jobs:8000 "POST /jobs HTTP/1.1" 201 20
2023-12-21 20:27:35 [urllib3.connectionpool] DEBUG: Starting new HTTP connection (1): api-raw-jobs:8000
2023-12-21 20:27:35 [urllib3.connectionpool] DEBUG: http://api-raw-jobs:8000 "POST /jobs HTTP/1.1" 201 20
2023-12-21 20:27:35 [urllib3.connectionpool] DEBUG: Starting new HTTP connection (1): api-raw-jobs:8000
2023-12-21 20:27:35 [urllib3.connectionpool] DEBUG: http://api-raw-jobs:8000 "POST /jobs HTTP/1.1" 201 20
2023-12-21 20:27:35 [urllib3.connectionpool] DEBUG: Starting new HTTP connection (1): api-raw-jobs:8000
2023-12-21 20:27:35 [urllib3.connectionpool] DEBUG: http://api-raw-jobs:8000 "POST /jobs HTTP/1.1" 201 20
2023-12-21 20:27:35 [urllib3.connectionpool] DEBUG: Starting new HTTP connection (1): api-raw-jobs:8000
2023-12-21 20:27:35 [urllib3.connectionpool] DEBUG: http://api-raw-jobs:8000 "POST /jobs HTTP/1.1" 201 20
2023-12-21 20:27:35 [urllib3.connectionpool] DEBUG: Starting new HTTP connection (1): api-raw-jobs:8000
2023-12-21 20:27:35 [urllib3.connectionpool] DEBUG: http://api-raw-jobs:8000 "POST /jobs HTTP/1.1" 201 20
2023-12-21 20:27:35 [cltrablisting] INFO: [{'id': 217, 'posting_url': 'https://www.chiletrabajos.cl/trabajo/docente-modulo-introduccion-al-rol-del-tens-sede-cauquenes-3288398', 'posting_service': 'Chiletrabajo'}, {'id': 218, 'posting_url': 'https://www.chiletrabajos.cl/trabajo/docente-modulo-prevencion-de-iaas-sede-cauquenes-3288399', 'posting_service': 'Chiletrabajo'}, {'id': 219, 'posting_url': 'https://www.chiletrabajos.cl/trabajo/docente-modulo-atencion-de-enfermeria-en-el-adulto-mayor-sede-cauquenes-3288400', 'posting_service': 'Chiletrabajo'}, {'id': 220, 'posting_url': 'https://www.chiletrabajos.cl/trabajo/docente-modulo-atencion-de-primeros-auxilios-sede-cauquenes-3288401', 'posting_service': 'Chiletrabajo'}, {'id': 221, 'posting_url': 'https://www.chiletrabajos.cl/trabajo/docente-modulo-atencion-de-enfermeria-en-urgencias-sede-cauquenes-3288402', 'posting_service': 'Chiletrabajo'}, {'id': 222, 'posting_url': 'https://www.chiletrabajos.cl/trabajo/enfermera-part-time-medico-quirurgico-3288063', 'posting_service': 'Chiletrabajo'}, {'id': 223, 'posting_url': 'https://www.chiletrabajos.cl/trabajo/coordinador-del-servicio-de-salud-para-licitacion-3288199', 'posting_service': 'Chiletrabajo'}, {'id': 224, 'posting_url': 'https://www.chiletrabajos.cl/trabajo/docente-modulo-introduccion-al-rol-del-tens-sede-curico-3288510', 'posting_service': 'Chiletrabajo'}, {'id': 225, 'posting_url': 'https://www.chiletrabajos.cl/trabajo/docente-prevencion-de-iaas-sede-linares-3288462', 'posting_service': 'Chiletrabajo'}, {'id': 226, 'posting_url': 'https://www.chiletrabajos.cl/trabajo/docente-atencion-de-enfermeria-en-salud-familiar-y-comunitaria-sede-curico-3288511', 'posting_service': 'Chiletrabajo'}, {'id': 227, 'posting_url': 'https://www.chiletrabajos.cl/trabajo/docente-practica-clinica-ii-sede-linares-3288463', 'posting_service': 'Chiletrabajo'}, {'id': 228, 'posting_url': 'https://www.chiletrabajos.cl/trabajo/docente-modulo-asepsia-y-bioseguridad-sede-curico-3288515', 'posting_service': 'Chiletrabajo'}, {'id': 229, 'posting_url': 'https://www.chiletrabajos.cl/trabajo/docente-atencion-de-enfermeria-medico-quirurgico-ii-sede-talca-3288527', 'posting_service': 'Chiletrabajo'}, {'id': 230, 'posting_url': 'https://www.chiletrabajos.cl/trabajo/davila-recoleta-enfermeras-oncologia-honorarios-3288271', 'posting_service': 'Chiletrabajo'}, {'id': 231, 'posting_url': 'https://www.chiletrabajos.cl/trabajo/davila-recoleta-enfermeras-cardiologia-honorarios-3288260', 'posting_service': 'Chiletrabajo'}, {'id': 232, 'posting_url': 'https://www.chiletrabajos.cl/trabajo/auxiliar-de-enfermeria-medicina-nuclear-3259126', 'posting_service': 'Chiletrabajo'}, {'id': 233, 'posting_url': 'https://www.chiletrabajos.cl/trabajo/docente-insumos-en-salud-sede-linares-3288464', 'posting_service': 'Chiletrabajo'}, {'id': 234, 'posting_url': 'https://www.chiletrabajos.cl/trabajo/docente-atencion-de-enfermeria-medico-quirurgico-ii-sede-linares-3288465', 'posting_service': 'Chiletrabajo'}, {'id': 235, 'posting_url': 'https://www.chiletrabajos.cl/trabajo/asesor-en-prevencion-de-riesgos-presencial-45-hrs-sercomed-3288126', 'posting_service': 'Chiletrabajo'}, {'id': 236, 'posting_url': 'https://www.chiletrabajos.cl/trabajo/enfermero-a-para-servicio-de-quemados-2863440', 'posting_service': 'Chiletrabajo'}, {'id': 237, 'posting_url': 'https://www.chiletrabajos.cl/trabajo/enfermero-a-coordinador-a-3287559', 'posting_service': 'Chiletrabajo'}, {'id': 238, 'posting_url': 'https://www.chiletrabajos.cl/trabajo/supervisor-del-servicio-de-salud-licitacion-3287296', 'posting_service': 'Chiletrabajo'}, {'id': 239, 'posting_url': 'https://www.chiletrabajos.cl/trabajo/tens-nivel-superior-con-o-sin-experiencia-los-angeles-3287234', 'posting_service': 'Chiletrabajo'}, {'id': 240, 'posting_url': 'https://www.chiletrabajos.cl/trabajo/tens-nivel-superior-con-o-sin-experiencia-calama-cuarto-turno-3287204', 'posting_service': 'Chiletrabajo'}, {'id': 241, 'posting_url': 'https://www.chiletrabajos.cl/trabajo/se-requiere-enfermero-a-con-experiencia-en-pabellon-reemplazo-en-vitacura-3287345', 'posting_service': 'Chiletrabajo'}, {'id': 242, 'posting_url': 'https://www.chiletrabajos.cl/trabajo/enfermera-part-time-ciudad-iquique-3287897', 'posting_service': 'Chiletrabajo'}, {'id': 243, 'posting_url': 'https://www.chiletrabajos.cl/trabajo/remplazo-enfermera-diurna-vacaciones-3287979', 'posting_service': 'Chiletrabajo'}, {'id': 244, 'posting_url': 'https://www.chiletrabajos.cl/trabajo/enfermera-o-coordinador-a-servicio-medico-quirurgico-3288058', 'posting_service': 'Chiletrabajo'}, {'id': 245, 'posting_url': 'https://www.chiletrabajos.cl/trabajo/ejecutivos-de-call-center-45-hrs-agendamiento-medico-rs-3287415', 'posting_service': 'Chiletrabajo'}, {'id': 246, 'posting_url': 'https://www.chiletrabajos.cl/trabajo/asesor-en-prevencion-de-riesgos-presencial-45-hrs-sercomed-3287276', 'posting_service': 'Chiletrabajo'}]
2023-12-21 20:27:35 [cltrablisting] INFO: 




2023-12-21 20:27:35 [urllib3.connectionpool] DEBUG: Starting new HTTP connection (1): localhost:6800
2023-12-21 20:27:35 [urllib3.connectionpool] DEBUG: http://localhost:6800 "POST /schedule.json HTTP/1.1" 200 91
2023-12-21 20:27:35 [cltrablisting] INFO: {'response_type': 'valid', 'response': <Response [200]>}
2023-12-21 20:27:35 [scrapy.utils.signal] ERROR: Error caught on signal handler: <bound method SaveJobStatsMiddleware.spider_closed of <entremed.middlewares.SaveJobStatsMiddleware object at 0x7f0ae53e0310>>
Traceback (most recent call last):
  File "/usr/local/lib/python3.10/site-packages/scrapy/utils/defer.py", line 348, in maybeDeferred_coro
    result = f(*args, **kw)
  File "/usr/local/lib/python3.10/site-packages/pydispatch/robustapply.py", line 55, in robustApply
    return receiver(*arguments, **named)
  File "/app/entremed/middlewares.py", line 127, in spider_closed
    if schedule_job_posting(spider):
  File "/app/entremed/global_functions.py", line 78, in schedule_job_posting
    create_new_log(spider, response, item)
  File "/app/entremed/global_functions.py", line 87, in create_new_log
    payload = {'job_id': response.json()["jobid"],
AttributeError: 'dict' object has no attribute 'json'
2023-12-21 20:27:35 [scrapy.statscollectors] INFO: Dumping Scrapy stats:
{'downloader/request_bytes': 776,
 'downloader/request_count': 2,
 'downloader/request_method_count/GET': 2,
 'downloader/response_bytes': 15118,
 'downloader/response_count': 2,
 'downloader/response_status_count/200': 1,
 'downloader/response_status_count/403': 1,
 'elapsed_time_seconds': 8.98972,
 'finish_reason': 'finished',
 'finish_time': datetime.datetime(2023, 12, 21, 20, 27, 35, 133950, tzinfo=datetime.timezone.utc),
 'httpcompression/response_bytes': 122484,
 'httpcompression/response_count': 1,
 'item_scraped_count': 30,
 'log_count/DEBUG': 101,
 'log_count/ERROR': 1,
 'log_count/INFO': 16,
 'memusage/max': 66703360,
 'memusage/startup': 66703360,
 'response_received_count': 2,
 'robotstxt/request_count': 1,
 'robotstxt/response_count': 1,
 'robotstxt/response_status_count/403': 1,
 'scheduler/dequeued': 1,
 'scheduler/dequeued/memory': 1,
 'scheduler/enqueued': 1,
 'scheduler/enqueued/memory': 1,
 'start_time': datetime.datetime(2023, 12, 21, 20, 27, 26, 144230, tzinfo=datetime.timezone.utc)}
2023-12-21 20:27:35 [scrapy.core.engine] INFO: Spider closed (finished)
