2023-12-21 18:56:53 [scrapy.utils.log] INFO: Scrapy 2.11.0 started (bot: entremed)
2023-12-21 18:56:53 [scrapy.utils.log] INFO: Versions: lxml 4.9.3.0, libxml2 2.10.3, cssselect 1.2.0, parsel 1.8.1, w3lib 2.1.2, Twisted 22.10.0, Python 3.10.13 (main, Dec 19 2023, 20:49:50) [GCC 12.2.0], pyOpenSSL 23.3.0 (OpenSSL 3.1.4 24 Oct 2023), cryptography 41.0.5, Platform Linux-6.4.16-linuxkit-x86_64-with-glibc2.36
2023-12-21 18:56:53 [scrapy.addons] INFO: Enabled addons:
[]
2023-12-21 18:56:53 [asyncio] DEBUG: Using selector: EpollSelector
2023-12-21 18:56:53 [scrapy.utils.log] DEBUG: Using reactor: twisted.internet.asyncioreactor.AsyncioSelectorReactor
2023-12-21 18:56:53 [scrapy.utils.log] DEBUG: Using asyncio event loop: asyncio.unix_events._UnixSelectorEventLoop
2023-12-21 18:56:53 [scrapy.extensions.telnet] INFO: Telnet Password: 56ad223678d60372
2023-12-21 18:56:53 [scrapy.middleware] INFO: Enabled extensions:
['scrapy.extensions.corestats.CoreStats',
 'scrapy.extensions.telnet.TelnetConsole',
 'scrapy.extensions.memusage.MemoryUsage',
 'scrapy.extensions.logstats.LogStats']
2023-12-21 18:56:53 [scrapy.crawler] INFO: Overridden settings:
{'BOT_NAME': 'entremed',
 'CONCURRENT_REQUESTS': 1,
 'DOWNLOAD_DELAY': 5,
 'FEED_EXPORT_ENCODING': 'utf-8',
 'LOG_FILE': 'logs/entremed/cltrablisting/b33213bca03211ee9c840242c0a8b006.log',
 'NEWSPIDER_MODULE': 'entremed.spiders',
 'REQUEST_FINGERPRINTER_IMPLEMENTATION': '2.7',
 'ROBOTSTXT_OBEY': True,
 'SPIDER_MODULES': ['entremed.spiders'],
 'TWISTED_REACTOR': 'twisted.internet.asyncioreactor.AsyncioSelectorReactor'}
2023-12-21 18:56:53 [scrapy.middleware] INFO: Enabled downloader middlewares:
['scrapy.downloadermiddlewares.robotstxt.RobotsTxtMiddleware',
 'scrapy.downloadermiddlewares.httpauth.HttpAuthMiddleware',
 'scrapy.downloadermiddlewares.downloadtimeout.DownloadTimeoutMiddleware',
 'scrapy.downloadermiddlewares.defaultheaders.DefaultHeadersMiddleware',
 'scrapy.downloadermiddlewares.useragent.UserAgentMiddleware',
 'scrapy.downloadermiddlewares.retry.RetryMiddleware',
 'scrapy.downloadermiddlewares.redirect.MetaRefreshMiddleware',
 'scrapy.downloadermiddlewares.httpcompression.HttpCompressionMiddleware',
 'scrapy.downloadermiddlewares.redirect.RedirectMiddleware',
 'scrapy.downloadermiddlewares.cookies.CookiesMiddleware',
 'scrapy.downloadermiddlewares.httpproxy.HttpProxyMiddleware',
 'scrapy.downloadermiddlewares.stats.DownloaderStats']
2023-12-21 18:56:53 [scrapy.middleware] INFO: Enabled spider middlewares:
['scrapy.spidermiddlewares.httperror.HttpErrorMiddleware',
 'scrapy.spidermiddlewares.offsite.OffsiteMiddleware',
 'entremed.middlewares.EntremedSpiderMiddleware',
 'entremed.middlewares.SaveJobStatsMiddleware',
 'scrapy.spidermiddlewares.referer.RefererMiddleware',
 'scrapy.spidermiddlewares.urllength.UrlLengthMiddleware',
 'scrapy.spidermiddlewares.depth.DepthMiddleware']
2023-12-21 18:56:53 [scrapy.middleware] INFO: Enabled item pipelines:
['entremed.pipelines.StoreRawJobOfferPipeline']
2023-12-21 18:56:53 [scrapy.core.engine] INFO: Spider opened
2023-12-21 18:56:53 [scrapy.extensions.logstats] INFO: Crawled 0 pages (at 0 pages/min), scraped 0 items (at 0 items/min)
2023-12-21 18:56:53 [cltrablisting] INFO: Spider opened: cltrablisting
2023-12-21 18:56:53 [urllib3.connectionpool] DEBUG: Starting new HTTP connection (1): api-raw-jobs:8000
2023-12-21 18:56:53 [scrapy.utils.signal] ERROR: Error caught on signal handler: <bound method EntremedSpiderMiddleware.spider_opened of <entremed.middlewares.EntremedSpiderMiddleware object at 0x7fd9a2b9c550>>
Traceback (most recent call last):
  File "/usr/local/lib/python3.10/site-packages/scrapy/utils/defer.py", line 348, in maybeDeferred_coro
    result = f(*args, **kw)
  File "/usr/local/lib/python3.10/site-packages/pydispatch/robustapply.py", line 55, in robustApply
    return receiver(*arguments, **named)
  File "/app/entremed/middlewares.py", line 59, in spider_opened
    spider.raw_jobs_jwt = get_jwt('rawjobs')
  File "/app/entremed/global_functions.py", line 37, in get_jwt
    handle_error(response)
TypeError: handle_error() missing 1 required positional argument: 'spider'
2023-12-21 18:56:53 [scrapy.extensions.telnet] INFO: Telnet console listening on 127.0.0.1:6025
2023-12-21 18:56:53 [scrapy.downloadermiddlewares.retry] DEBUG: Retrying <GET https://www.chiletrabajos.cl/robots.txt> (failed 1 times): DNS lookup failed: no results for hostname lookup: www.chiletrabajos.cl.
2023-12-21 18:56:58 [scrapy.downloadermiddlewares.retry] DEBUG: Retrying <GET https://www.chiletrabajos.cl/robots.txt> (failed 2 times): DNS lookup failed: no results for hostname lookup: www.chiletrabajos.cl.
2023-12-21 18:57:05 [scrapy.downloadermiddlewares.retry] ERROR: Gave up retrying <GET https://www.chiletrabajos.cl/robots.txt> (failed 3 times): DNS lookup failed: no results for hostname lookup: www.chiletrabajos.cl.
2023-12-21 18:57:05 [scrapy.downloadermiddlewares.robotstxt] ERROR: Error downloading <GET https://www.chiletrabajos.cl/robots.txt>: DNS lookup failed: no results for hostname lookup: www.chiletrabajos.cl.
Traceback (most recent call last):
  File "/usr/local/lib/python3.10/site-packages/twisted/internet/defer.py", line 1693, in _inlineCallbacks
    result = context.run(
  File "/usr/local/lib/python3.10/site-packages/twisted/python/failure.py", line 518, in throwExceptionIntoGenerator
    return g.throw(self.type, self.value, self.tb)
  File "/usr/local/lib/python3.10/site-packages/scrapy/core/downloader/middleware.py", line 54, in process_request
    return (yield download_func(request=request, spider=spider))
  File "/usr/local/lib/python3.10/site-packages/twisted/internet/defer.py", line 892, in _runCallbacks
    current.result = callback(  # type: ignore[misc]
  File "/usr/local/lib/python3.10/site-packages/twisted/internet/endpoints.py", line 1022, in startConnectionAttempts
    raise error.DNSLookupError(
twisted.internet.error.DNSLookupError: DNS lookup failed: no results for hostname lookup: www.chiletrabajos.cl.
2023-12-21 18:57:11 [scrapy.downloadermiddlewares.retry] DEBUG: Retrying <GET https://www.chiletrabajos.cl/encuentra-un-empleo?2=enfermera&13=&fecha=3&categoria=&8=&14=&inclusion=&f=2> (failed 1 times): DNS lookup failed: no results for hostname lookup: www.chiletrabajos.cl.
2023-12-21 18:57:16 [scrapy.downloadermiddlewares.retry] DEBUG: Retrying <GET https://www.chiletrabajos.cl/encuentra-un-empleo?2=enfermera&13=&fecha=3&categoria=&8=&14=&inclusion=&f=2> (failed 2 times): DNS lookup failed: no results for hostname lookup: www.chiletrabajos.cl.
2023-12-21 18:57:23 [scrapy.downloadermiddlewares.retry] ERROR: Gave up retrying <GET https://www.chiletrabajos.cl/encuentra-un-empleo?2=enfermera&13=&fecha=3&categoria=&8=&14=&inclusion=&f=2> (failed 3 times): DNS lookup failed: no results for hostname lookup: www.chiletrabajos.cl.
2023-12-21 18:57:23 [cltrablisting] ERROR: DNSLookupError on https://www.chiletrabajos.cl/encuentra-un-empleo?2=enfermera&13=&fecha=3&categoria=&8=&14=&inclusion=&f=2
2023-12-21 18:57:23 [scrapy.core.engine] INFO: Closing spider (finished)
2023-12-21 18:57:23 [scrapy.utils.signal] ERROR: Error caught on signal handler: <bound method SaveJobStatsMiddleware.spider_closed of <entremed.middlewares.SaveJobStatsMiddleware object at 0x7fd9a2b9c850>>
Traceback (most recent call last):
  File "/usr/local/lib/python3.10/site-packages/scrapy/utils/defer.py", line 348, in maybeDeferred_coro
    result = f(*args, **kw)
  File "/usr/local/lib/python3.10/site-packages/pydispatch/robustapply.py", line 55, in robustApply
    return receiver(*arguments, **named)
  File "/app/entremed/middlewares.py", line 125, in spider_closed
    if save_job_postings(spider):
  File "/app/entremed/global_functions.py", line 44, in save_job_postings
    headers = {'Authorization': f'Bearer {spider.raw_jobs_jwt}'}
AttributeError: 'CltrablistingSpider' object has no attribute 'raw_jobs_jwt'
2023-12-21 18:57:23 [scrapy.statscollectors] INFO: Dumping Scrapy stats:
{'downloader/exception_count': 6,
 'downloader/exception_type_count/twisted.internet.error.DNSLookupError': 6,
 'downloader/request_bytes': 2328,
 'downloader/request_count': 6,
 'downloader/request_method_count/GET': 6,
 'elapsed_time_seconds': 29.704518,
 'finish_reason': 'finished',
 'finish_time': datetime.datetime(2023, 12, 21, 18, 57, 23, 517243, tzinfo=datetime.timezone.utc),
 'log_count/DEBUG': 8,
 'log_count/ERROR': 6,
 'log_count/INFO': 11,
 'memusage/max': 67190784,
 'memusage/startup': 67190784,
 'retry/count': 4,
 'retry/max_reached': 2,
 'retry/reason_count/twisted.internet.error.DNSLookupError': 4,
 "robotstxt/exception_count/<class 'twisted.internet.error.DNSLookupError'>": 1,
 'robotstxt/request_count': 1,
 'scheduler/dequeued': 3,
 'scheduler/dequeued/memory': 3,
 'scheduler/enqueued': 3,
 'scheduler/enqueued/memory': 3,
 'start_time': datetime.datetime(2023, 12, 21, 18, 56, 53, 812725, tzinfo=datetime.timezone.utc)}
2023-12-21 18:57:23 [scrapy.core.engine] INFO: Spider closed (finished)
