2024-02-22 19:01:45 [scrapy.utils.log] INFO: Scrapy 2.11.0 started (bot: entremed)
2024-02-22 19:01:45 [scrapy.utils.log] INFO: Versions: lxml 4.9.3.0, libxml2 2.10.3, cssselect 1.2.0, parsel 1.8.1, w3lib 2.1.2, Twisted 22.10.0, Python 3.10.13 (main, Feb 13 2024, 10:33:32) [GCC 12.2.0], pyOpenSSL 23.3.0 (OpenSSL 3.1.4 24 Oct 2023), cryptography 41.0.5, Platform Linux-6.5.11-linuxkit-x86_64-with-glibc2.36
2024-02-22 19:01:45 [scrapy.addons] INFO: Enabled addons:
[]
2024-02-22 19:01:45 [asyncio] DEBUG: Using selector: EpollSelector
2024-02-22 19:01:45 [scrapy.utils.log] DEBUG: Using reactor: twisted.internet.asyncioreactor.AsyncioSelectorReactor
2024-02-22 19:01:45 [scrapy.utils.log] DEBUG: Using asyncio event loop: asyncio.unix_events._UnixSelectorEventLoop
2024-02-22 19:01:45 [scrapy.extensions.telnet] INFO: Telnet Password: 3581276912663227
2024-02-22 19:01:45 [scrapy.middleware] INFO: Enabled extensions:
['scrapy.extensions.corestats.CoreStats',
 'scrapy.extensions.telnet.TelnetConsole',
 'scrapy.extensions.memusage.MemoryUsage',
 'scrapy.extensions.logstats.LogStats']
2024-02-22 19:01:45 [scrapy.crawler] INFO: Overridden settings:
{'BOT_NAME': 'entremed',
 'CONCURRENT_REQUESTS': 2,
 'COOKIES_ENABLED': False,
 'DOWNLOAD_DELAY': 5,
 'FEED_EXPORT_ENCODING': 'utf-8',
 'LOG_FILE': 'logs/entremed/cltrabpost/612745b6d1b411eeaad20242ac130006.log',
 'NEWSPIDER_MODULE': 'entremed.spiders',
 'REQUEST_FINGERPRINTER_IMPLEMENTATION': '2.7',
 'SPIDER_MODULES': ['entremed.spiders'],
 'TWISTED_REACTOR': 'twisted.internet.asyncioreactor.AsyncioSelectorReactor'}
2024-02-22 19:01:45 [scrapy.middleware] INFO: Enabled downloader middlewares:
['scrapy.downloadermiddlewares.httpauth.HttpAuthMiddleware',
 'scrapy.downloadermiddlewares.downloadtimeout.DownloadTimeoutMiddleware',
 'scrapy.downloadermiddlewares.defaultheaders.DefaultHeadersMiddleware',
 'scrapy.downloadermiddlewares.useragent.UserAgentMiddleware',
 'scrapy.downloadermiddlewares.retry.RetryMiddleware',
 'scrapy.downloadermiddlewares.redirect.MetaRefreshMiddleware',
 'scrapy.downloadermiddlewares.httpcompression.HttpCompressionMiddleware',
 'scrapy.downloadermiddlewares.redirect.RedirectMiddleware',
 'scrapy.downloadermiddlewares.httpproxy.HttpProxyMiddleware',
 'scrapy.downloadermiddlewares.stats.DownloaderStats']
2024-02-22 19:01:45 [scrapy.middleware] INFO: Enabled spider middlewares:
['scrapy.spidermiddlewares.httperror.HttpErrorMiddleware',
 'scrapy.spidermiddlewares.offsite.OffsiteMiddleware',
 'entremed.middlewares.EntremedSpiderMiddleware',
 'entremed.middlewares.SaveJobStatsMiddleware',
 'scrapy.spidermiddlewares.referer.RefererMiddleware',
 'scrapy.spidermiddlewares.urllength.UrlLengthMiddleware',
 'scrapy.spidermiddlewares.depth.DepthMiddleware']
2024-02-22 19:01:45 [scrapy.middleware] INFO: Enabled item pipelines:
['entremed.pipelines.StoreRawJobOfferPipeline']
2024-02-22 19:01:45 [scrapy.core.engine] INFO: Spider opened
2024-02-22 19:01:45 [scrapy.extensions.logstats] INFO: Crawled 0 pages (at 0 pages/min), scraped 0 items (at 0 items/min)
2024-02-22 19:01:45 [cltrabpost] INFO: Spider opened: cltrabpost
2024-02-22 19:01:45 [urllib3.connectionpool] DEBUG: Starting new HTTP connection (1): api-raw-jobs:8000
2024-02-22 19:01:45 [urllib3.connectionpool] DEBUG: http://api-raw-jobs:8000 "POST /auth/token HTTP/1.1" 200 193
2024-02-22 19:01:45 [urllib3.connectionpool] DEBUG: Starting new HTTP connection (1): api-watchdog:8000
2024-02-22 19:01:45 [urllib3.connectionpool] DEBUG: http://api-watchdog:8000 "POST /auth/token HTTP/1.1" 200 193
2024-02-22 19:01:45 [scrapy.extensions.telnet] INFO: Telnet console listening on 127.0.0.1:6024
2024-02-22 19:01:45 [scrapy-playwright] INFO: Starting download handler
2024-02-22 19:01:45 [scrapy-playwright] INFO: Starting download handler
2024-02-22 19:01:51 [scrapy.core.engine] DEBUG: Crawled (200) <GET https://www.chiletrabajos.cl/trabajo/tens-de-agendamiento-pabellon-la-florida-3328501> (referer: None)
2024-02-22 19:01:51 [cltrabpost] INFO: 19:01:51 Started reading site: https://www.chiletrabajos.cl/trabajo/tens-de-agendamiento-pabellon-la-florida-3328501
2024-02-22 19:01:51 [scrapy.core.scraper] DEBUG: Scraped from <200 https://www.chiletrabajos.cl/trabajo/tens-de-agendamiento-pabellon-la-florida-3328501>
None
2024-02-22 19:01:51 [scrapy.core.engine] INFO: Closing spider (finished)
2024-02-22 19:01:51 [urllib3.connectionpool] DEBUG: Starting new HTTP connection (1): api-raw-jobs:8000
2024-02-22 19:01:51 [urllib3.connectionpool] DEBUG: http://api-raw-jobs:8000 "PUT /jobs/254 HTTP/1.1" 204 0
2024-02-22 19:01:51 [urllib3.connectionpool] DEBUG: Starting new HTTP connection (1): api-watchdog:8000
2024-02-22 19:01:51 [urllib3.connectionpool] DEBUG: http://api-watchdog:8000 "PUT /logs/spiders/612745b6d1b411eeaad20242ac130006 HTTP/1.1" 200 4
2024-02-22 19:01:51 [scrapy.statscollectors] INFO: Dumping Scrapy stats:
{'downloader/request_bytes': 525,
 'downloader/request_count': 1,
 'downloader/request_method_count/GET': 1,
 'downloader/response_bytes': 14663,
 'downloader/response_count': 1,
 'downloader/response_status_count/200': 1,
 'elapsed_time_seconds': 6.22376,
 'finish_reason': 'finished',
 'finish_time': datetime.datetime(2024, 2, 22, 19, 1, 51, 446587, tzinfo=datetime.timezone.utc),
 'httpcompression/response_bytes': 75681,
 'httpcompression/response_count': 1,
 'item_scraped_count': 1,
 'items_saved': '0',
 'log_count/DEBUG': 13,
 'log_count/INFO': 14,
 'memusage/max': 71921664,
 'memusage/startup': 71921664,
 'response_received_count': 1,
 'scheduler/dequeued': 1,
 'scheduler/dequeued/memory': 1,
 'scheduler/enqueued': 1,
 'scheduler/enqueued/memory': 1,
 'start_time': datetime.datetime(2024, 2, 22, 19, 1, 45, 222827, tzinfo=datetime.timezone.utc)}
2024-02-22 19:01:51 [scrapy.core.engine] INFO: Spider closed (finished)
2024-02-22 19:01:51 [scrapy-playwright] INFO: Closing download handler
2024-02-22 19:01:51 [scrapy-playwright] INFO: Closing download handler
