2023-12-30 17:48:53 [scrapy.utils.log] INFO: Scrapy 2.11.0 started (bot: entremed)
2023-12-30 17:48:53 [scrapy.utils.log] INFO: Versions: lxml 4.9.3.0, libxml2 2.10.3, cssselect 1.2.0, parsel 1.8.1, w3lib 2.1.2, Twisted 22.10.0, Python 3.10.13 (main, Dec 19 2023, 20:49:50) [GCC 12.2.0], pyOpenSSL 23.3.0 (OpenSSL 3.1.4 24 Oct 2023), cryptography 41.0.5, Platform Linux-6.4.16-linuxkit-x86_64-with-glibc2.36
2023-12-30 17:48:53 [scrapy.addons] INFO: Enabled addons:
[]
2023-12-30 17:48:53 [asyncio] DEBUG: Using selector: EpollSelector
2023-12-30 17:48:53 [scrapy.utils.log] DEBUG: Using reactor: twisted.internet.asyncioreactor.AsyncioSelectorReactor
2023-12-30 17:48:53 [scrapy.utils.log] DEBUG: Using asyncio event loop: asyncio.unix_events._UnixSelectorEventLoop
2023-12-30 17:48:53 [scrapy.extensions.telnet] INFO: Telnet Password: 73ae312dd314fa15
2023-12-30 17:48:53 [scrapy.middleware] INFO: Enabled extensions:
['scrapy.extensions.corestats.CoreStats',
 'scrapy.extensions.telnet.TelnetConsole',
 'scrapy.extensions.memusage.MemoryUsage',
 'scrapy.extensions.logstats.LogStats']
2023-12-30 17:48:53 [scrapy.crawler] INFO: Overridden settings:
{'BOT_NAME': 'entremed',
 'CONCURRENT_REQUESTS': 2,
 'DOWNLOAD_DELAY': 5,
 'FEED_EXPORT_ENCODING': 'utf-8',
 'LOG_FILE': 'logs/entremed/cltrabpost/8c829362a73b11eebb3d0242ac150006.log',
 'NEWSPIDER_MODULE': 'entremed.spiders',
 'REQUEST_FINGERPRINTER_IMPLEMENTATION': '2.7',
 'ROBOTSTXT_OBEY': True,
 'SPIDER_MODULES': ['entremed.spiders'],
 'TWISTED_REACTOR': 'twisted.internet.asyncioreactor.AsyncioSelectorReactor'}
2023-12-30 17:48:53 [scrapy.middleware] INFO: Enabled downloader middlewares:
['scrapy.downloadermiddlewares.robotstxt.RobotsTxtMiddleware',
 'scrapy.downloadermiddlewares.httpauth.HttpAuthMiddleware',
 'scrapy.downloadermiddlewares.downloadtimeout.DownloadTimeoutMiddleware',
 'scrapy.downloadermiddlewares.defaultheaders.DefaultHeadersMiddleware',
 'scrapy.downloadermiddlewares.useragent.UserAgentMiddleware',
 'scrapy.downloadermiddlewares.retry.RetryMiddleware',
 'scrapy.downloadermiddlewares.redirect.MetaRefreshMiddleware',
 'scrapy.downloadermiddlewares.httpcompression.HttpCompressionMiddleware',
 'scrapy.downloadermiddlewares.redirect.RedirectMiddleware',
 'scrapy.downloadermiddlewares.cookies.CookiesMiddleware',
 'scrapy.downloadermiddlewares.httpproxy.HttpProxyMiddleware',
 'scrapy.downloadermiddlewares.stats.DownloaderStats']
2023-12-30 17:48:53 [scrapy.middleware] INFO: Enabled spider middlewares:
['scrapy.spidermiddlewares.httperror.HttpErrorMiddleware',
 'scrapy.spidermiddlewares.offsite.OffsiteMiddleware',
 'entremed.middlewares.EntremedSpiderMiddleware',
 'entremed.middlewares.SaveJobStatsMiddleware',
 'scrapy.spidermiddlewares.referer.RefererMiddleware',
 'scrapy.spidermiddlewares.urllength.UrlLengthMiddleware',
 'scrapy.spidermiddlewares.depth.DepthMiddleware']
2023-12-30 17:48:53 [scrapy.middleware] INFO: Enabled item pipelines:
['entremed.pipelines.StoreRawJobOfferPipeline']
2023-12-30 17:48:53 [scrapy.core.engine] INFO: Spider opened
2023-12-30 17:48:53 [scrapy.extensions.logstats] INFO: Crawled 0 pages (at 0 pages/min), scraped 0 items (at 0 items/min)
2023-12-30 17:48:53 [cltrabpost] INFO: Spider opened: cltrabpost
2023-12-30 17:48:53 [urllib3.connectionpool] DEBUG: Starting new HTTP connection (1): api-raw-jobs:8000
2023-12-30 17:48:53 [urllib3.connectionpool] DEBUG: http://api-raw-jobs:8000 "POST /auth/token HTTP/1.1" 200 193
2023-12-30 17:48:53 [urllib3.connectionpool] DEBUG: Starting new HTTP connection (1): api-watchdog:8000
2023-12-30 17:48:54 [urllib3.connectionpool] DEBUG: http://api-watchdog:8000 "POST /auth/token HTTP/1.1" 200 193
2023-12-30 17:48:54 [scrapy.extensions.telnet] INFO: Telnet console listening on 127.0.0.1:6023
2023-12-30 17:48:54 [scrapy.core.engine] DEBUG: Crawled (403) <GET https://www.chiletrabajos.cl/robots.txt> (referer: None)
2023-12-30 17:49:00 [scrapy.core.engine] DEBUG: Crawled (200) <GET https://www.chiletrabajos.cl/trabajo/tecnico-en-enfermeria-con-mencion-en-anestesia-pabellon-central-hlcm-3292500> (referer: None)
2023-12-30 17:49:00 [cltrabpost] INFO: 17:49:00 Started reading site: https://www.chiletrabajos.cl/trabajo/tecnico-en-enfermeria-con-mencion-en-anestesia-pabellon-central-hlcm-3292500
2023-12-30 17:49:00 [scrapy.core.scraper] DEBUG: Scraped from <200 https://www.chiletrabajos.cl/trabajo/tecnico-en-enfermeria-con-mencion-en-anestesia-pabellon-central-hlcm-3292500>
None
2023-12-30 17:49:00 [scrapy.core.engine] INFO: Closing spider (finished)
2023-12-30 17:49:00 [urllib3.connectionpool] DEBUG: Starting new HTTP connection (1): api-raw-jobs:8000
2023-12-30 17:49:00 [urllib3.connectionpool] DEBUG: http://api-raw-jobs:8000 "PUT /jobs/1046 HTTP/1.1" 204 0
2023-12-30 17:49:00 [urllib3.connectionpool] DEBUG: Starting new HTTP connection (1): api-watchdog:8000
2023-12-30 17:49:00 [urllib3.connectionpool] DEBUG: http://api-watchdog:8000 "PUT /logs/spiders/8c829362a73b11eebb3d0242ac150006 HTTP/1.1" 200 4
2023-12-30 17:49:00 [scrapy.statscollectors] INFO: Dumping Scrapy stats:
{'downloader/request_bytes': 784,
 'downloader/request_count': 2,
 'downloader/request_method_count/GET': 2,
 'downloader/response_bytes': 18243,
 'downloader/response_count': 2,
 'downloader/response_status_count/200': 1,
 'downloader/response_status_count/403': 1,
 'elapsed_time_seconds': 6.820034,
 'finish_reason': 'finished',
 'finish_time': datetime.datetime(2023, 12, 30, 17, 49, 0, 527939, tzinfo=datetime.timezone.utc),
 'httpcompression/response_bytes': 83337,
 'httpcompression/response_count': 1,
 'item_scraped_count': 1,
 'items_saved': '0',
 'log_count/DEBUG': 14,
 'log_count/INFO': 12,
 'memusage/max': 66973696,
 'memusage/startup': 66973696,
 'response_received_count': 2,
 'robotstxt/request_count': 1,
 'robotstxt/response_count': 1,
 'robotstxt/response_status_count/403': 1,
 'scheduler/dequeued': 1,
 'scheduler/dequeued/memory': 1,
 'scheduler/enqueued': 1,
 'scheduler/enqueued/memory': 1,
 'start_time': datetime.datetime(2023, 12, 30, 17, 48, 53, 707905, tzinfo=datetime.timezone.utc)}
2023-12-30 17:49:00 [scrapy.core.engine] INFO: Spider closed (finished)
